
 LIST CONSTRAINTS FOR SELECTED NODES         1 TO      988 BY        1
 CURRENTLY SELECTED DOF SET= TEMP
 
     NODE  LABEL     REAL           IMAG
         1  TEMP   877.100000      0.00000000    
         2  TEMP   877.100000      0.00000000    
         3  TEMP   877.100000      0.00000000    
         4  TEMP   877.100000      0.00000000    
         5  TEMP   877.100000      0.00000000    
         6  TEMP   877.100000      0.00000000    
         7  TEMP   877.100000      0.00000000    
         8  TEMP   877.100000      0.00000000    
         9  TEMP   877.100000      0.00000000    
        10  TEMP   877.100000      0.00000000    
        11  TEMP   877.100000      0.00000000    
        12  TEMP   936.000000      0.00000000    
        13  TEMP   936.000000      0.00000000    
        14  TEMP   936.000000      0.00000000    
        15  TEMP   936.000000      0.00000000    
        16  TEMP   936.000000      0.00000000    
        17  TEMP   936.000000      0.00000000    
        18  TEMP   936.000000      0.00000000    
        19  TEMP   936.000000      0.00000000    
        20  TEMP   936.000000      0.00000000    
 
     NODE  LABEL     REAL           IMAG
        21  TEMP   936.000000      0.00000000    
        22  TEMP   936.000000      0.00000000    
        23  TEMP   936.000000      0.00000000    
        24  TEMP   936.000000      0.00000000    
        25  TEMP   936.000000      0.00000000    
        26  TEMP   936.000000      0.00000000    
        27  TEMP   936.000000      0.00000000    
        28  TEMP   936.000000      0.00000000    
        29  TEMP   936.000000      0.00000000    
        30  TEMP   936.000000      0.00000000    
        31  TEMP   936.000000      0.00000000    
        32  TEMP   936.000000      0.00000000    
        33  TEMP   936.000000      0.00000000    
        34  TEMP   936.000000      0.00000000    
        35  TEMP   936.000000      0.00000000    
        36  TEMP   936.000000      0.00000000    
        37  TEMP   936.000000      0.00000000    
        38  TEMP   936.000000      0.00000000    
        39  TEMP   936.000000      0.00000000    
        40  TEMP   936.000000      0.00000000    
 
     NODE  LABEL     REAL           IMAG
        41  TEMP   936.000000      0.00000000    
        42  TEMP   936.000000      0.00000000    
        43  TEMP   936.000000      0.00000000    
        44  TEMP   936.000000      0.00000000    
        45  TEMP   936.000000      0.00000000    
        46  TEMP   936.000000      0.00000000    
        47  TEMP   936.000000      0.00000000    
        48  TEMP   936.000000      0.00000000    
        49  TEMP   936.000000      0.00000000    
        50  TEMP   936.000000      0.00000000    
        51  TEMP   936.000000      0.00000000    
        52  TEMP   936.000000      0.00000000    
        53  TEMP   936.000000      0.00000000    
        54  TEMP   936.000000      0.00000000    
        55  TEMP   936.000000      0.00000000    
        56  TEMP   936.000000      0.00000000    
        57  TEMP   936.000000      0.00000000    
        58  TEMP   936.000000      0.00000000    
        59  TEMP   936.000000      0.00000000    
        60  TEMP   936.000000      0.00000000    
 
     NODE  LABEL     REAL           IMAG
        61  TEMP   936.000000      0.00000000    
        62  TEMP   936.000000      0.00000000    
        63  TEMP   936.000000      0.00000000    
        64  TEMP   936.000000      0.00000000    
        65  TEMP   877.100000      0.00000000    
        66  TEMP   936.000000      0.00000000    
        67  TEMP   936.000000      0.00000000    
        68  TEMP   936.000000      0.00000000    
        69  TEMP   936.000000      0.00000000    
        70  TEMP   936.000000      0.00000000    
        71  TEMP   936.000000      0.00000000    
        72  TEMP   936.000000      0.00000000    
        73  TEMP   936.000000      0.00000000    
        74  TEMP   936.000000      0.00000000    
        75  TEMP   936.000000      0.00000000    
        76  TEMP   936.000000      0.00000000    
        77  TEMP   936.000000      0.00000000    
        78  TEMP   936.000000      0.00000000    
        79  TEMP   936.000000      0.00000000    
        80  TEMP   936.000000      0.00000000    
 
     NODE  LABEL     REAL           IMAG
        81  TEMP   936.000000      0.00000000    
        82  TEMP   936.000000      0.00000000    
        83  TEMP   936.000000      0.00000000    
        84  TEMP   936.000000      0.00000000    
        85  TEMP   936.000000      0.00000000    
        86  TEMP   936.000000      0.00000000    
        87  TEMP   936.000000      0.00000000    
        88  TEMP   936.000000      0.00000000    
        89  TEMP   936.000000      0.00000000    
        90  TEMP   936.000000      0.00000000    
        91  TEMP   936.000000      0.00000000    
        92  TEMP   936.000000      0.00000000    
        93  TEMP   936.000000      0.00000000    
        94  TEMP   936.000000      0.00000000    
        95  TEMP   936.000000      0.00000000    
        96  TEMP   936.000000      0.00000000    
        97  TEMP   936.000000      0.00000000    
        98  TEMP   936.000000      0.00000000    
        99  TEMP   936.000000      0.00000000    
       100  TEMP   936.000000      0.00000000    
 
     NODE  LABEL     REAL           IMAG
       101  TEMP   936.000000      0.00000000    
       102  TEMP   936.000000      0.00000000    
       103  TEMP   936.000000      0.00000000    
       104  TEMP   936.000000      0.00000000    
       105  TEMP   936.000000      0.00000000    
       106  TEMP   936.000000      0.00000000    
       107  TEMP   936.000000      0.00000000    
       108  TEMP   936.000000      0.00000000    
       109  TEMP   936.000000      0.00000000    
       110  TEMP   936.000000      0.00000000    
       111  TEMP   936.000000      0.00000000    
       112  TEMP   936.000000      0.00000000    
       113  TEMP   936.000000      0.00000000    
       114  TEMP   936.000000      0.00000000    
       115  TEMP   936.000000      0.00000000    
       116  TEMP   936.000000      0.00000000    
       117  TEMP   936.000000      0.00000000    
       118  TEMP   936.000000      0.00000000    
       119  TEMP   936.000000      0.00000000    
       120  TEMP   936.000000      0.00000000    
 
     NODE  LABEL     REAL           IMAG
       121  TEMP   936.000000      0.00000000    
       122  TEMP   936.000000      0.00000000    
       123  TEMP   936.000000      0.00000000    
       124  TEMP   936.000000      0.00000000    
       125  TEMP   936.000000      0.00000000    
       126  TEMP   936.000000      0.00000000    
       127  TEMP   936.000000      0.00000000    
       128  TEMP   936.000000      0.00000000    
       129  TEMP   936.000000      0.00000000    
       130  TEMP   936.000000      0.00000000    
       131  TEMP   936.000000      0.00000000    
       132  TEMP   936.000000      0.00000000    
       133  TEMP   936.000000      0.00000000    
       134  TEMP   936.000000      0.00000000    
       135  TEMP   936.000000      0.00000000    
       136  TEMP   936.000000      0.00000000    
       137  TEMP   936.000000      0.00000000    
       138  TEMP   936.000000      0.00000000    
       139  TEMP   936.000000      0.00000000    
       140  TEMP   936.000000      0.00000000    
 
     NODE  LABEL     REAL           IMAG
       141  TEMP   936.000000      0.00000000    
       142  TEMP   936.000000      0.00000000    
       143  TEMP   936.000000      0.00000000    
       144  TEMP   936.000000      0.00000000    
       145  TEMP   936.000000      0.00000000    
       146  TEMP   936.000000      0.00000000    
       147  TEMP   936.000000      0.00000000    
       148  TEMP   936.000000      0.00000000    
       149  TEMP   936.000000      0.00000000    
       150  TEMP   877.100000      0.00000000    
       151  TEMP   877.100000      0.00000000    
       152  TEMP   877.100000      0.00000000    
       153  TEMP   877.100000      0.00000000    
       154  TEMP   877.100000      0.00000000    
       155  TEMP   877.100000      0.00000000    
       156  TEMP   877.100000      0.00000000    
       157  TEMP   877.100000      0.00000000    
       158  TEMP   877.100000      0.00000000    
       159  TEMP   877.100000      0.00000000    
       160  TEMP   877.100000      0.00000000    
 
     NODE  LABEL     REAL           IMAG
       161  TEMP   877.100000      0.00000000    
       162  TEMP   877.100000      0.00000000    
       163  TEMP   877.100000      0.00000000    
       164  TEMP   877.100000      0.00000000    
       165  TEMP   877.100000      0.00000000    
       166  TEMP   877.100000      0.00000000    
       167  TEMP   877.100000      0.00000000    
       168  TEMP   877.100000      0.00000000    
       169  TEMP   877.100000      0.00000000    
       170  TEMP   877.100000      0.00000000    
       171  TEMP   877.100000      0.00000000    
       172  TEMP   877.100000      0.00000000    
       173  TEMP   877.100000      0.00000000    
       174  TEMP   877.100000      0.00000000    
       175  TEMP   877.100000      0.00000000    
       176  TEMP   877.100000      0.00000000    
       177  TEMP   877.100000      0.00000000    
       178  TEMP   877.100000      0.00000000    
       179  TEMP   877.100000      0.00000000    
       180  TEMP   877.100000      0.00000000    
 
     NODE  LABEL     REAL           IMAG
       181  TEMP   877.100000      0.00000000    
       182  TEMP   877.100000      0.00000000    
       183  TEMP   877.100000      0.00000000    
       184  TEMP   877.100000      0.00000000    
       185  TEMP   877.100000      0.00000000    
       186  TEMP   877.100000      0.00000000    
       187  TEMP   877.100000      0.00000000    
       188  TEMP   877.100000      0.00000000    
       189  TEMP   877.100000      0.00000000    
       190  TEMP   877.100000      0.00000000    
       191  TEMP   877.100000      0.00000000    
       192  TEMP   877.100000      0.00000000    
       193  TEMP   877.100000      0.00000000    
       194  TEMP   877.100000      0.00000000    
       195  TEMP   877.100000      0.00000000    
       196  TEMP   877.100000      0.00000000    
       197  TEMP   877.100000      0.00000000    
       198  TEMP   877.100000      0.00000000    
       199  TEMP   877.100000      0.00000000    
       200  TEMP   877.100000      0.00000000    
 
     NODE  LABEL     REAL           IMAG
       201  TEMP   877.100000      0.00000000    
       202  TEMP   877.100000      0.00000000    
       203  TEMP   877.100000      0.00000000    
       204  TEMP   877.100000      0.00000000    
       205  TEMP   877.100000      0.00000000    
       206  TEMP   877.100000      0.00000000    
       207  TEMP   877.100000      0.00000000    
       208  TEMP   877.100000      0.00000000    
       209  TEMP   877.100000      0.00000000    
       210  TEMP   877.100000      0.00000000    
       211  TEMP   877.100000      0.00000000    
       212  TEMP   877.100000      0.00000000    
       213  TEMP   877.100000      0.00000000    
       214  TEMP   877.100000      0.00000000    
       215  TEMP   877.100000      0.00000000    
       216  TEMP   877.100000      0.00000000    
       217  TEMP   877.100000      0.00000000    
       218  TEMP   877.100000      0.00000000    
       219  TEMP   877.100000      0.00000000    
       220  TEMP   877.100000      0.00000000    
 
     NODE  LABEL     REAL           IMAG
       221  TEMP   877.100000      0.00000000    
       222  TEMP   877.100000      0.00000000    
       223  TEMP   877.100000      0.00000000    
       224  TEMP   877.100000      0.00000000    
       225  TEMP   877.100000      0.00000000    
       226  TEMP   877.100000      0.00000000    
       227  TEMP   877.100000      0.00000000    
       228  TEMP   877.100000      0.00000000    
       229  TEMP   877.100000      0.00000000    
       230  TEMP   877.100000      0.00000000    
       231  TEMP   877.100000      0.00000000    
       232  TEMP   877.100000      0.00000000    
       233  TEMP   877.100000      0.00000000    
       234  TEMP   877.100000      0.00000000    
       235  TEMP   877.100000      0.00000000    
       236  TEMP   877.100000      0.00000000    
       237  TEMP   877.100000      0.00000000    
       238  TEMP   877.100000      0.00000000    
       239  TEMP   877.100000      0.00000000    
       240  TEMP   760.900000      0.00000000    
 
     NODE  LABEL     REAL           IMAG
       241  TEMP   760.900000      0.00000000    
       242  TEMP   760.900000      0.00000000    
       243  TEMP   760.900000      0.00000000    
       244  TEMP   760.900000      0.00000000    
       245  TEMP   760.900000      0.00000000    
       246  TEMP   760.900000      0.00000000    
       247  TEMP   760.900000      0.00000000    
       248  TEMP   760.900000      0.00000000    
       249  TEMP   760.900000      0.00000000    
       250  TEMP   760.900000      0.00000000    
       251  TEMP   760.900000      0.00000000    
       252  TEMP   760.900000      0.00000000    
       253  TEMP   758.400000      0.00000000    
       254  TEMP   758.400000      0.00000000    
       255  TEMP   758.400000      0.00000000    
       256  TEMP   758.400000      0.00000000    
       257  TEMP   758.400000      0.00000000    
       258  TEMP   758.400000      0.00000000    
       259  TEMP   758.400000      0.00000000    
       260  TEMP   758.400000      0.00000000    
 
     NODE  LABEL     REAL           IMAG
       261  TEMP   758.400000      0.00000000    
       262  TEMP   758.400000      0.00000000    
       263  TEMP   758.400000      0.00000000    
       264  TEMP   758.400000      0.00000000    
       265  TEMP   758.400000      0.00000000    
       266  TEMP   758.400000      0.00000000    
       267  TEMP   758.400000      0.00000000    
       268  TEMP   758.400000      0.00000000    
       269  TEMP   758.400000      0.00000000    
       270  TEMP   758.400000      0.00000000    
       271  TEMP   758.400000      0.00000000    
       272  TEMP   773.400000      0.00000000    
       273  TEMP   773.400000      0.00000000    
       274  TEMP   773.400000      0.00000000    
       275  TEMP   773.400000      0.00000000    
       276  TEMP   773.400000      0.00000000    
       277  TEMP   773.400000      0.00000000    
       278  TEMP   773.400000      0.00000000    
       279  TEMP   773.400000      0.00000000    
       280  TEMP   773.400000      0.00000000    
 
     NODE  LABEL     REAL           IMAG
       281  TEMP   773.400000      0.00000000    
       282  TEMP   773.400000      0.00000000    
       283  TEMP   773.400000      0.00000000    
       284  TEMP   773.400000      0.00000000    
       285  TEMP   773.400000      0.00000000    
       286  TEMP   773.400000      0.00000000    
       287  TEMP   773.400000      0.00000000    
       288  TEMP   773.400000      0.00000000    
       289  TEMP   773.400000      0.00000000    
       290  TEMP   773.400000      0.00000000    
       291  TEMP   773.400000      0.00000000    
       292  TEMP   773.400000      0.00000000    
       293  TEMP   773.400000      0.00000000    
       294  TEMP   773.400000      0.00000000    
       295  TEMP   773.400000      0.00000000    
       296  TEMP   773.400000      0.00000000    
       297  TEMP   773.400000      0.00000000    
       298  TEMP   773.400000      0.00000000    
       299  TEMP   773.400000      0.00000000    
       300  TEMP   773.400000      0.00000000    
 
     NODE  LABEL     REAL           IMAG
       301  TEMP   773.400000      0.00000000    
       302  TEMP   773.400000      0.00000000    
       303  TEMP   841.100000      0.00000000    
       304  TEMP   841.100000      0.00000000    
       305  TEMP   841.100000      0.00000000    
       306  TEMP   841.100000      0.00000000    
       307  TEMP   841.100000      0.00000000    
       308  TEMP   841.100000      0.00000000    
       309  TEMP   841.100000      0.00000000    
       310  TEMP   841.100000      0.00000000    
       311  TEMP   841.100000      0.00000000    
       312  TEMP   841.100000      0.00000000    
       313  TEMP   841.100000      0.00000000    
       314  TEMP   841.100000      0.00000000    
       315  TEMP   841.100000      0.00000000    
       316  TEMP   841.100000      0.00000000    
       317  TEMP   841.100000      0.00000000    
       318  TEMP   841.100000      0.00000000    
       319  TEMP   841.100000      0.00000000    
       320  TEMP   841.100000      0.00000000    
 
     NODE  LABEL     REAL           IMAG
       321  TEMP   841.100000      0.00000000    
       322  TEMP   841.100000      0.00000000    
       323  TEMP   841.100000      0.00000000    
       324  TEMP   841.100000      0.00000000    
       325  TEMP   841.100000      0.00000000    
       326  TEMP   841.100000      0.00000000    
       327  TEMP   841.100000      0.00000000    
       328  TEMP   841.100000      0.00000000    
       329  TEMP   841.100000      0.00000000    
       330  TEMP   841.100000      0.00000000    
       331  TEMP   841.100000      0.00000000    
       332  TEMP   841.100000      0.00000000    
       333  TEMP   841.100000      0.00000000    
       334  TEMP   841.100000      0.00000000    
       335  TEMP   841.100000      0.00000000    
       336  TEMP   841.100000      0.00000000    
       337  TEMP   841.100000      0.00000000    
       338  TEMP   841.100000      0.00000000    
       339  TEMP   841.100000      0.00000000    
       340  TEMP   841.100000      0.00000000    
 
     NODE  LABEL     REAL           IMAG
       341  TEMP   841.100000      0.00000000    
       342  TEMP   841.100000      0.00000000    
       343  TEMP   841.100000      0.00000000    
       344  TEMP   841.100000      0.00000000    
       345  TEMP   841.100000      0.00000000    
       346  TEMP   841.100000      0.00000000    
       347  TEMP   841.100000      0.00000000    
       348  TEMP   841.100000      0.00000000    
       349  TEMP   841.100000      0.00000000    
       350  TEMP   841.100000      0.00000000    
       351  TEMP   841.100000      0.00000000    
       352  TEMP   841.100000      0.00000000    
       353  TEMP   841.100000      0.00000000    
       354  TEMP   841.100000      0.00000000    
       355  TEMP   841.100000      0.00000000    
       356  TEMP   835.000000      0.00000000    
       357  TEMP   835.000000      0.00000000    
       358  TEMP   835.000000      0.00000000    
       359  TEMP   835.000000      0.00000000    
       360  TEMP   835.000000      0.00000000    
 
     NODE  LABEL     REAL           IMAG
       361  TEMP   835.000000      0.00000000    
       362  TEMP   835.000000      0.00000000    
       363  TEMP   835.000000      0.00000000    
       364  TEMP   835.000000      0.00000000    
       365  TEMP   835.000000      0.00000000    
       366  TEMP   835.000000      0.00000000    
       367  TEMP   835.000000      0.00000000    
       368  TEMP   835.000000      0.00000000    
       369  TEMP   835.000000      0.00000000    
       370  TEMP   835.000000      0.00000000    
       371  TEMP   835.000000      0.00000000    
       372  TEMP   835.000000      0.00000000    
       373  TEMP   835.000000      0.00000000    
       374  TEMP   835.000000      0.00000000    
       375  TEMP   835.000000      0.00000000    
       376  TEMP   835.000000      0.00000000    
       377  TEMP   835.000000      0.00000000    
       378  TEMP   835.000000      0.00000000    
       379  TEMP   835.000000      0.00000000    
       380  TEMP   835.000000      0.00000000    
 
     NODE  LABEL     REAL           IMAG
       381  TEMP   835.000000      0.00000000    
       382  TEMP   835.000000      0.00000000    
       383  TEMP   835.000000      0.00000000    
       384  TEMP   835.000000      0.00000000    
       385  TEMP   835.100000      0.00000000    
       386  TEMP   835.100000      0.00000000    
       387  TEMP   835.100000      0.00000000    
       388  TEMP   835.100000      0.00000000    
       389  TEMP   835.100000      0.00000000    
       390  TEMP   835.100000      0.00000000    
       391  TEMP   835.100000      0.00000000    
       392  TEMP   835.100000      0.00000000    
       393  TEMP   835.100000      0.00000000    
       394  TEMP   835.100000      0.00000000    
       395  TEMP   835.100000      0.00000000    
       396  TEMP   835.100000      0.00000000    
       397  TEMP   835.100000      0.00000000    
       398  TEMP   835.100000      0.00000000    
       399  TEMP   835.100000      0.00000000    
       400  TEMP   835.100000      0.00000000    
 
     NODE  LABEL     REAL           IMAG
       401  TEMP   835.100000      0.00000000    
       402  TEMP   835.100000      0.00000000    
       403  TEMP   835.100000      0.00000000    
       404  TEMP   835.100000      0.00000000    
       405  TEMP   835.100000      0.00000000    
       406  TEMP   835.100000      0.00000000    
       407  TEMP   835.100000      0.00000000    
       408  TEMP   835.100000      0.00000000    
       409  TEMP   835.100000      0.00000000    
       410  TEMP   835.100000      0.00000000    
       411  TEMP   835.100000      0.00000000    
       412  TEMP   835.100000      0.00000000    
       413  TEMP   835.100000      0.00000000    
       414  TEMP   835.100000      0.00000000    
       415  TEMP   835.100000      0.00000000    
       416  TEMP   835.100000      0.00000000    
       417  TEMP   835.100000      0.00000000    
       418  TEMP   835.100000      0.00000000    
       419  TEMP   835.100000      0.00000000    
       420  TEMP   835.100000      0.00000000    
 
     NODE  LABEL     REAL           IMAG
       421  TEMP   835.100000      0.00000000    
       422  TEMP   835.100000      0.00000000    
       423  TEMP   835.100000      0.00000000    
       424  TEMP   835.100000      0.00000000    
       425  TEMP   835.100000      0.00000000    
       426  TEMP   835.100000      0.00000000    
       427  TEMP   835.100000      0.00000000    
       428  TEMP   835.100000      0.00000000    
       429  TEMP   835.100000      0.00000000    
       430  TEMP   835.100000      0.00000000    
       431  TEMP   835.100000      0.00000000    
       432  TEMP   835.100000      0.00000000    
       433  TEMP   835.100000      0.00000000    
       434  TEMP   835.100000      0.00000000    
       435  TEMP   835.100000      0.00000000    
       436  TEMP   835.100000      0.00000000    
       437  TEMP   835.100000      0.00000000    
       438  TEMP   835.100000      0.00000000    
       439  TEMP   835.100000      0.00000000    
       440  TEMP   835.100000      0.00000000    
 
     NODE  LABEL     REAL           IMAG
       441  TEMP   835.100000      0.00000000    
       442  TEMP   835.100000      0.00000000    
       443  TEMP   835.100000      0.00000000    
       444  TEMP   835.100000      0.00000000    
       445  TEMP   835.100000      0.00000000    
       446  TEMP   835.100000      0.00000000    
       447  TEMP   835.100000      0.00000000    
       448  TEMP   825.500000      0.00000000    
       449  TEMP   825.500000      0.00000000    
       450  TEMP   825.500000      0.00000000    
       451  TEMP   825.500000      0.00000000    
       452  TEMP   825.500000      0.00000000    
       453  TEMP   825.500000      0.00000000    
       454  TEMP   825.500000      0.00000000    
       455  TEMP   825.500000      0.00000000    
       456  TEMP   825.500000      0.00000000    
       457  TEMP   825.500000      0.00000000    
       458  TEMP   825.500000      0.00000000    
       459  TEMP   825.500000      0.00000000    
       460  TEMP   825.500000      0.00000000    
 
     NODE  LABEL     REAL           IMAG
       461  TEMP   825.500000      0.00000000    
       462  TEMP   825.500000      0.00000000    
       463  TEMP   825.500000      0.00000000    
       464  TEMP   825.500000      0.00000000    
       465  TEMP   825.500000      0.00000000    
       466  TEMP   825.500000      0.00000000    
       467  TEMP   825.500000      0.00000000    
       468  TEMP   825.500000      0.00000000    
       469  TEMP   825.500000      0.00000000    
       470  TEMP   825.500000      0.00000000    
       471  TEMP   825.500000      0.00000000    
       472  TEMP   825.500000      0.00000000    
       473  TEMP   825.500000      0.00000000    
       474  TEMP   825.500000      0.00000000    
       475  TEMP   825.500000      0.00000000    
       476  TEMP   825.500000      0.00000000    
       477  TEMP   825.500000      0.00000000    
       478  TEMP   825.500000      0.00000000    
       479  TEMP   825.500000      0.00000000    
       480  TEMP   825.500000      0.00000000    
 
     NODE  LABEL     REAL           IMAG
       481  TEMP   825.500000      0.00000000    
       482  TEMP   825.500000      0.00000000    
       483  TEMP   825.500000      0.00000000    
       484  TEMP   825.500000      0.00000000    
       485  TEMP   825.500000      0.00000000    
       486  TEMP   825.500000      0.00000000    
       487  TEMP   825.500000      0.00000000    
       488  TEMP   825.500000      0.00000000    
       489  TEMP   825.500000      0.00000000    
       490  TEMP   825.500000      0.00000000    
       491  TEMP   825.500000      0.00000000    
       492  TEMP   825.500000      0.00000000    
       493  TEMP   825.500000      0.00000000    
       494  TEMP   825.500000      0.00000000    
       495  TEMP   825.500000      0.00000000    
       496  TEMP   825.500000      0.00000000    
       497  TEMP   825.500000      0.00000000    
       498  TEMP   825.500000      0.00000000    
       499  TEMP   825.500000      0.00000000    
       500  TEMP   825.500000      0.00000000    
 
     NODE  LABEL     REAL           IMAG
       501  TEMP   825.500000      0.00000000    
       502  TEMP   825.500000      0.00000000    
       503  TEMP   825.500000      0.00000000    
       504  TEMP   825.500000      0.00000000    
       505  TEMP   825.500000      0.00000000    
       506  TEMP   825.500000      0.00000000    
       507  TEMP   844.100000      0.00000000    
       508  TEMP   844.100000      0.00000000    
       509  TEMP   844.100000      0.00000000    
       510  TEMP   844.100000      0.00000000    
       511  TEMP   844.100000      0.00000000    
       512  TEMP   844.100000      0.00000000    
       513  TEMP   844.100000      0.00000000    
       514  TEMP   844.100000      0.00000000    
       515  TEMP   844.100000      0.00000000    
       516  TEMP   844.100000      0.00000000    
       517  TEMP   844.100000      0.00000000    
       518  TEMP   844.100000      0.00000000    
       519  TEMP   844.100000      0.00000000    
       520  TEMP   844.100000      0.00000000    
 
     NODE  LABEL     REAL           IMAG
       521  TEMP   844.100000      0.00000000    
       522  TEMP   844.100000      0.00000000    
       523  TEMP   844.100000      0.00000000    
       524  TEMP   844.100000      0.00000000    
       525  TEMP   844.100000      0.00000000    
       526  TEMP   844.100000      0.00000000    
       527  TEMP   844.100000      0.00000000    
       528  TEMP   844.100000      0.00000000    
       529  TEMP   844.100000      0.00000000    
       530  TEMP   844.100000      0.00000000    
       531  TEMP   844.100000      0.00000000    
       532  TEMP   844.100000      0.00000000    
       533  TEMP   844.100000      0.00000000    
       534  TEMP   844.100000      0.00000000    
       535  TEMP   844.100000      0.00000000    
       536  TEMP   844.100000      0.00000000    
       537  TEMP   844.100000      0.00000000    
       538  TEMP   844.100000      0.00000000    
       539  TEMP   844.100000      0.00000000    
       540  TEMP   844.100000      0.00000000    
 
     NODE  LABEL     REAL           IMAG
       541  TEMP   844.100000      0.00000000    
       542  TEMP   844.100000      0.00000000    
       543  TEMP   844.100000      0.00000000    
       544  TEMP   844.100000      0.00000000    
       545  TEMP   844.100000      0.00000000    
       546  TEMP   844.100000      0.00000000    
       547  TEMP   844.100000      0.00000000    
       548  TEMP   844.100000      0.00000000    
       549  TEMP   844.100000      0.00000000    
       550  TEMP   844.100000      0.00000000    
       551  TEMP   844.100000      0.00000000    
       552  TEMP   844.100000      0.00000000    
       553  TEMP   844.100000      0.00000000    
       554  TEMP   844.100000      0.00000000    
       555  TEMP   844.100000      0.00000000    
       556  TEMP   844.100000      0.00000000    
       557  TEMP   844.100000      0.00000000    
       558  TEMP   844.100000      0.00000000    
       559  TEMP   844.100000      0.00000000    
       560  TEMP   844.100000      0.00000000    
 
     NODE  LABEL     REAL           IMAG
       561  TEMP   844.100000      0.00000000    
       562  TEMP   844.100000      0.00000000    
       563  TEMP   844.100000      0.00000000    
       564  TEMP   844.100000      0.00000000    
       565  TEMP   844.100000      0.00000000    
       566  TEMP   844.100000      0.00000000    
       567  TEMP   844.100000      0.00000000    
       568  TEMP   844.100000      0.00000000    
       569  TEMP   844.100000      0.00000000    
       570  TEMP   844.100000      0.00000000    
       571  TEMP   844.100000      0.00000000    
       572  TEMP   844.100000      0.00000000    
       573  TEMP   844.100000      0.00000000    
       574  TEMP   844.100000      0.00000000    
       575  TEMP   844.100000      0.00000000    
       576  TEMP   844.100000      0.00000000    

