
 LIST ALL SELECTED ELEMENTS.  (LIST NODES)
 
    ELEM MAT TYP REL ESY SEC        NODES
 
       1   1   1   1   0   1    974   937   973   973
       2   1   1   1   0   1    659   937   974   974
       3   1   1   1   0   1    744   807   946   946
       4   1   1   1   0   1    806   807   744   744
       5   1   1   1   0   1    939   777   672   672
       6   1   1   1   0   1    778   777   939   939
       7   1   1   1   0   1    955   772   813   813
       8   1   1   1   0   1    773   772   955   955
       9   1   1   1   0   1    917   904   681   681
      10   1   1   1   0   1    577   904   917   917
      11   1   1   1   0   1    918   848   578   578
      12   1   1   1   0   1    847   848   918   918
      13   1   1   1   0   1    944   810   958   958
      14   1   1   1   0   1    809   810   944   944
      15   1   1   1   0   1    741   958   740   740
      16   1   1   1   0   1    944   958   741   741
      17   1   1   1   0   1    927   965   966   966
      18   1   1   1   0   1    979   965   927   927
      19   1   1   1   0   1    869   740   958   958
      20   1   1   1   0   1    612   587   933   933
 
    ELEM MAT TYP REL ESY SEC        NODES
 
      21   1   1   1   0   1    922   587   612   612
      22   1   1   1   0   1    967   866   865   865
      23   1   1   1   0   1    956   866   967   967
      24   1   1   1   0   1    935   863   639   639
      25   1   1   1   0   1    864   863   935   935
      26   1   1   1   0   1    976   853   854   854
      27   1   1   1   0   1    920   853   976   976
      28   1   1   1   0   1    947   749   750   750
      29   1   1   1   0   1    656   749   947   947
      30   1   1   1   0   1    968   692   693   693
      31   1   1   1   0   1    875   692   968   968
      32   1   1   1   0   1    910   974   909   909
      33   1   1   1   0   1    658   974   910   910
      34   1   1   1   0   1    924   601   602   602
      35   1   1   1   0   1    704   601   924   924
      36   1   1   1   0   1    849   364   800   800
      37   1   1   1   0   1    725   364   849   849
      38   1   1   1   0   1    922   370   587   587
      39   1   1   1   0   1    588   370   922   922
      40   1   1   1   0   1    912   271   270   270
 
    ELEM MAT TYP REL ESY SEC        NODES
 
      41   1   1   1   0   1    730   271   912   912
      42   1   1   1   0   1    161   785   194   194
      43   1   1   1   0   1    162   785   161   161
      44   1   1   1   0   1    760   953   759   759
      45   1   1   1   0   1    953   937   759   759
      46   1   1   1   0   1    984   972   936   936
      47   1   1   1   0   1    971   972   984   984
      48   1   1   1   0   1    937   758   759   759
      49   1   1   1   0   1    660   758   937   937
      50   1   1   1   0   1    916   738   870   870
      51   1   1   1   0   1    737   738   916   916
      52   1   1   1   0   1    735   789   788   788
      53   1   1   1   0   1    729   789   735   735
      54   1   1   1   0   1    943   714   717   717
      55   1   1   1   0   1    715   714   943   943
      56   1   1   1   0   1    942   769   710   710
      57   1   1   1   0   1    719   769   942   942
      58   1   1   1   0   1    876   911   692   692
      59   1   1   1   0   1    877   911   876   876
      60   1   1   1   0   1    934   902   837   837
 
    ELEM MAT TYP REL ESY SEC        NODES
 
      61   1   1   1   0   1    680   902   934   934
      62   1   1   1   0   1    974   658   659   659
      63   1   1   1   0   1    959   619   846   846
      64   1   1   1   0   1    620   619   959   959
      65   1   1   1   0   1    683   590   682   682
      66   1   1   1   0   1    589   590   683   683
      67   1   1   1   0   1    802   578   848   848
      68   1   1   1   0   1    912   270   731   731
      69   1   1   1   0   1    713   384   717   717
      70   1   1   1   0   1    712   384   713   713
      71   1   1   1   0   1    936   465   656   656
      72   1   1   1   0   1    655   465   936   936
      73   1   1   1   0   1    921   371   586   586
      74   1   1   1   0   1    587   371   921   921
      75   1   1   1   0   1    919   372   585   585
      76   1   1   1   0   1    586   372   919   919
      77   1   1   1   0   1    916   245   241   241
      78   1   1   1   0   1    914   245   916   916
      79   1   1   1   0   1    915   289   290   290
      80   1   1   1   0   1    811   289   915   915
 
    ELEM MAT TYP REL ESY SEC        NODES
 
      81   1   1   1   0   1    793   302   292   292
      82   1   1   1   0   1    171   302   793   793
      83   1   1   1   0   1    986   982   988   988
      84   1   1   1   0   1    986   987   981   981
      85   1   1   1   0   1    985   986   988   988
      86   1   1   1   0   1    982   983   988   988
      87   1   1   1   0   1    981   982   986   986
      88   1   1   1   0   1    980   981   987   987
      89   1   1   1   0   1    979   980   987   987
      90   1   1   1   0   1    978   988   983   983
      91   1   1   1   0   1    975   985   988   988
      92   1   1   1   0   1    987   964   979   979
      93   1   1   1   0   1    986   963   987   987
      94   1   1   1   0   1    985   962   986   986
      95   1   1   1   0   1    977   961   985   985
      96   1   1   1   0   1    984   949   970   970
      97   1   1   1   0   1    936   948   984   984
      98   1   1   1   0   1    983   932   978   978
      99   1   1   1   0   1    982   931   983   983
     100   1   1   1   0   1    981   930   982   982
 
    ELEM MAT TYP REL ESY SEC        NODES
 
     101   1   1   1   0   1    980   929   981   981
     102   1   1   1   0   1    979   928   980   980
     103   1   1   1   0   1    978   975   988   988
     104   1   1   1   0   1    975   977   985   985
     105   1   1   1   0   1    970   971   984   984
     106   1   1   1   0   1    969   970   949   949
     107   1   1   1   0   1    964   965   979   979
     108   1   1   1   0   1    963   964   987   987
     109   1   1   1   0   1    962   963   986   986
     110   1   1   1   0   1    961   962   985   985
     111   1   1   1   0   1    960   961   977   977
     112   1   1   1   0   1    976   960   977   977
     113   1   1   1   0   1    935   957   967   967
     114   1   1   1   0   1    957   956   967   967
     115   1   1   1   0   1    953   954   973   973
     116   1   1   1   0   1    950   951   969   969
     117   1   1   1   0   1    949   950   969   969
     118   1   1   1   0   1    948   949   984   984
     119   1   1   1   0   1    939   968   941   941
     120   1   1   1   0   1    973   937   953   953
 
    ELEM MAT TYP REL ESY SEC        NODES
 
     121   1   1   1   0   1    936   947   948   948
     122   1   1   1   0   1    932   933   978   978
     123   1   1   1   0   1    931   932   983   983
     124   1   1   1   0   1    930   931   982   982
     125   1   1   1   0   1    929   930   981   981
     126   1   1   1   0   1    928   929   980   980
     127   1   1   1   0   1    927   928   979   979
     128   1   1   1   0   1    926   927   966   966
     129   1   1   1   0   1    925   926   966   966
     130   1   1   1   0   1    921   975   978   978
     131   1   1   1   0   1    933   921   978   978
     132   1   1   1   0   1    919   976   977   977
     133   1   1   1   0   1    975   919   977   977
     134   1   1   1   0   1    973   908   974   974
     135   1   1   1   0   1    954   907   973   973
     136   1   1   1   0   1    971   900   972   972
     137   1   1   1   0   1    970   899   971   971
     138   1   1   1   0   1    969   898   970   970
     139   1   1   1   0   1    951   897   969   969
     140   1   1   1   0   1    952   896   951   951
 
    ELEM MAT TYP REL ESY SEC        NODES
 
     141   1   1   1   0   1    967   864   935   935
     142   1   1   1   0   1    966   861   925   925
     143   1   1   1   0   1    965   860   966   966
     144   1   1   1   0   1    964   859   965   965
     145   1   1   1   0   1    963   858   964   964
     146   1   1   1   0   1    962   857   963   963
     147   1   1   1   0   1    961   856   962   962
     148   1   1   1   0   1    960   855   961   961
     149   1   1   1   0   1    854   960   976   976
     150   1   1   1   0   1    959   847   918   918
     151   1   1   1   0   1    955   815   938   938
     152   1   1   1   0   1    958   810   915   915
     153   1   1   1   0   1    945   809   944   944
     154   1   1   1   0   1    946   808   945   945
     155   1   1   1   0   1    798   957   935   935
     156   1   1   1   0   1    797   956   957   957
     157   1   1   1   0   1    796   867   956   956
     158   1   1   1   0   1    779   939   941   941
     159   1   1   1   0   1    774   955   938   938
     160   1   1   1   0   1    954   762   906   906
 
    ELEM MAT TYP REL ESY SEC        NODES
 
     161   1   1   1   0   1    953   761   954   954
     162   1   1   1   0   1    952   756   895   895
     163   1   1   1   0   1    951   755   952   952
     164   1   1   1   0   1    950   754   951   951
     165   1   1   1   0   1    949   753   950   950
     166   1   1   1   0   1    948   752   949   949
     167   1   1   1   0   1    947   751   948   948
     168   1   1   1   0   1    945   743   946   946
     169   1   1   1   0   1    944   742   945   945
     170   1   1   1   0   1    943   718   942   942
     171   1   1   1   0   1    942   716   943   943
     172   1   1   1   0   1    862   924   925   925
     173   1   1   1   0   1    941   694   780   780
     174   1   1   1   0   1    693   941   968   968
     175   1   1   1   0   1    681   923   917   917
     176   1   1   1   0   1    940   680   934   934
     177   1   1   1   0   1    679   940   783   783
     178   1   1   1   0   1    939   874   968   968
     179   1   1   1   0   1    938   671   775   775
     180   1   1   1   0   1    670   938   816   816
 
    ELEM MAT TYP REL ESY SEC        NODES
 
     181   1   1   1   0   1    936   656   947   947
     182   1   1   1   0   1    655   936   972   972
     183   1   1   1   0   1    901   655   972   972
     184   1   1   1   0   1    935   640   799   799
     185   1   1   1   0   1    918   620   959   959
     186   1   1   1   0   1    934   784   940   940
     187   1   1   1   0   1    651   614   934   934
     188   1   1   1   0   1    932   611   933   933
     189   1   1   1   0   1    931   610   932   932
     190   1   1   1   0   1    930   609   931   931
     191   1   1   1   0   1    929   608   930   930
     192   1   1   1   0   1    928   607   929   929
     193   1   1   1   0   1    927   606   928   928
     194   1   1   1   0   1    926   605   927   927
     195   1   1   1   0   1    925   604   926   926
     196   1   1   1   0   1    924   603   925   925
     197   1   1   1   0   1    923   592   917   917
     198   1   1   1   0   1    682   591   923   923
     199   1   1   1   0   1    588   922   771   771
     200   1   1   1   0   1    921   586   975   975
 
    ELEM MAT TYP REL ESY SEC        NODES
 
     201   1   1   1   0   1    587   921   933   933
     202   1   1   1   0   1    920   728   852   852
     203   1   1   1   0   1    585   920   976   976
     204   1   1   1   0   1    919   585   976   976
     205   1   1   1   0   1    586   919   975   975
     206   1   1   1   0   1    918   579   621   621
     207   1   1   1   0   1    709   917   593   593
     208   1   1   1   0   1    914   916   870   870
     209   1   1   1   0   1    913   914   872   872
     210   1   1   1   0   1    791   913   873   873
     211   1   1   1   0   1    908   909   974   974
     212   1   1   1   0   1    907   908   973   973
     213   1   1   1   0   1    906   907   954   954
     214   1   1   1   0   1    905   906   763   763
     215   1   1   1   0   1    903   904   827   827
     216   1   1   1   0   1    900   901   972   972
     217   1   1   1   0   1    899   900   971   971
     218   1   1   1   0   1    898   899   970   970
     219   1   1   1   0   1    897   898   969   969
     220   1   1   1   0   1    896   897   951   951
 
    ELEM MAT TYP REL ESY SEC        NODES
 
     221   1   1   1   0   1    895   896   952   952
     222   1   1   1   0   1    894   895   756   756
     223   1   1   1   0   1    877   878   911   911
     224   1   1   1   0   1    875   876   692   692
     225   1   1   1   0   1    874   875   968   968
     226   1   1   1   0   1    872   873   913   913
     227   1   1   1   0   1    871   872   914   914
     228   1   1   1   0   1    870   871   914   914
     229   1   1   1   0   1    915   869   958   958
     230   1   1   1   0   1    868   867   795   795
     231   1   1   1   0   1    867   866   956   956
     232   1   1   1   0   1    865   864   967   967
     233   1   1   1   0   1    861   862   925   925
     234   1   1   1   0   1    860   861   966   966
     235   1   1   1   0   1    859   860   965   965
     236   1   1   1   0   1    858   859   964   964
     237   1   1   1   0   1    857   858   963   963
     238   1   1   1   0   1    856   857   962   962
     239   1   1   1   0   1    855   856   961   961
     240   1   1   1   0   1    854   855   960   960
 
    ELEM MAT TYP REL ESY SEC        NODES
 
     241   1   1   1   0   1    852   853   920   920
     242   1   1   1   0   1    851   852   727   727
     243   1   1   1   0   1    850   851   726   726
     244   1   1   1   0   1    849   850   725   725
     245   1   1   1   0   1    846   847   959   959
     246   1   1   1   0   1    838   837   902   902
     247   1   1   1   0   1    828   829   903   903
     248   1   1   1   0   1    827   828   903   903
     249   1   1   1   0   1    816   817   670   670
     250   1   1   1   0   1    815   816   938   938
     251   1   1   1   0   1    814   815   955   955
     252   1   1   1   0   1    813   814   955   955
     253   1   1   1   0   1    810   811   915   915
     254   1   1   1   0   1    808   809   945   945
     255   1   1   1   0   1    807   808   946   946
     256   1   1   1   0   1    805   806   745   745
     257   1   1   1   0   1    804   805   746   746
     258   1   1   1   0   1    803   804   747   747
     259   1   1   1   0   1    801   802   848   848
     260   1   1   1   0   1    799   798   935   935
 
    ELEM MAT TYP REL ESY SEC        NODES
 
     261   1   1   1   0   1    798   797   957   957
     262   1   1   1   0   1    797   796   956   956
     263   1   1   1   0   1    796   795   867   867
     264   1   1   1   0   1    795   794   868   868
     265   1   1   1   0   1    792   791   873   873
     266   1   1   1   0   1    788   787   734   734
     267   1   1   1   0   1    787   786   733   733
     268   1   1   1   0   1    786   785   732   732
     269   1   1   1   0   1    784   783   940   940
     270   1   1   1   0   1    783   782   679   679
     271   1   1   1   0   1    782   781   703   703
     272   1   1   1   0   1    780   779   941   941
     273   1   1   1   0   1    779   778   939   939
     274   1   1   1   0   1    776   775   671   671
     275   1   1   1   0   1    775   774   938   938
     276   1   1   1   0   1    774   773   955   955
     277   1   1   1   0   1    771   770   588   588
     278   1   1   1   0   1    766   767   688   688
     279   1   1   1   0   1    765   766   689   689
     280   1   1   1   0   1    763   764   905   905
 
    ELEM MAT TYP REL ESY SEC        NODES
 
     281   1   1   1   0   1    762   763   906   906
     282   1   1   1   0   1    761   762   954   954
     283   1   1   1   0   1    760   761   953   953
     284   1   1   1   0   1    756   757   894   894
     285   1   1   1   0   1    755   756   952   952
     286   1   1   1   0   1    754   755   951   951
     287   1   1   1   0   1    753   754   950   950
     288   1   1   1   0   1    752   753   949   949
     289   1   1   1   0   1    751   752   948   948
     290   1   1   1   0   1    750   751   947   947
     291   1   1   1   0   1    747   748   803   803
     292   1   1   1   0   1    746   747   804   804
     293   1   1   1   0   1    745   746   805   805
     294   1   1   1   0   1    744   745   806   806
     295   1   1   1   0   1    743   744   946   946
     296   1   1   1   0   1    742   743   945   945
     297   1   1   1   0   1    741   742   944   944
     298   1   1   1   0   1    739   740   869   869
     299   1   1   1   0   1    241   737   916   916
     300   1   1   1   0   1    734   735   788   788
 
    ELEM MAT TYP REL ESY SEC        NODES
 
     301   1   1   1   0   1    733   734   787   787
     302   1   1   1   0   1    732   733   786   786
     303   1   1   1   0   1    728   727   852   852
     304   1   1   1   0   1    727   726   851   851
     305   1   1   1   0   1    726   725   850   850
     306   1   1   1   0   1    719   720   769   769
     307   1   1   1   0   1    718   719   942   942
     308   1   1   1   0   1    717   718   943   943
     309   1   1   1   0   1    716   715   943   943
     310   1   1   1   0   1    714   713   717   717
     311   1   1   1   0   1    711   716   942   942
     312   1   1   1   0   1    710   711   942   942
     313   1   1   1   0   1    708   709   594   594
     314   1   1   1   0   1    707   708   596   596
     315   1   1   1   0   1    706   707   597   597
     316   1   1   1   0   1    705   706   598   598
     317   1   1   1   0   1    862   704   924   924
     318   1   1   1   0   1    702   703   781   781
     319   1   1   1   0   1    701   702   781   781
     320   1   1   1   0   1    694   695   780   780
 
    ELEM MAT TYP REL ESY SEC        NODES
 
     321   1   1   1   0   1    693   694   941   941
     322   1   1   1   0   1    691   905   764   764
     323   1   1   1   0   1    689   690   765   765
     324   1   1   1   0   1    688   689   766   766
     325   1   1   1   0   1    687   688   767   767
     326   1   1   1   0   1    683   684   768   768
     327   1   1   1   0   1    681   682   923   923
     328   1   1   1   0   1    679   680   940   940
     329   1   1   1   0   1    703   679   782   782
     330   1   1   1   0   1    672   874   939   939
     331   1   1   1   0   1    673   672   777   777
     332   1   1   1   0   1    671   678   776   776
     333   1   1   1   0   1    670   671   938   938
     334   1   1   1   0   1    669   670   817   817
     335   1   1   1   0   1    668   894   757   757
     336   1   1   1   0   1    660   661   758   758
     337   1   1   1   0   1    659   660   937   937
     338   1   1   1   0   1    893   658   910   910
     339   1   1   1   0   1    656   657   749   749
     340   1   1   1   0   1    654   655   901   901
 
    ELEM MAT TYP REL ESY SEC        NODES
 
     341   1   1   1   0   1    652   653   616   616
     342   1   1   1   0   1    651   652   615   615
     343   1   1   1   0   1    837   651   934   934
     344   1   1   1   0   1    650   813   772   772
     345   1   1   1   0   1    640   641   799   799
     346   1   1   1   0   1    639   640   935   935
     347   1   1   1   0   1    638   639   863   863
     348   1   1   1   0   1    622   621   579   579
     349   1   1   1   0   1    621   620   918   918
     350   1   1   1   0   1    619   618   846   846
     351   1   1   1   0   1    617   616   653   653
     352   1   1   1   0   1    616   615   652   652
     353   1   1   1   0   1    614   784   934   934
     354   1   1   1   0   1    615   614   651   651
     355   1   1   1   0   1    613   771   922   922
     356   1   1   1   0   1    612   613   922   922
     357   1   1   1   0   1    611   612   933   933
     358   1   1   1   0   1    610   611   932   932
     359   1   1   1   0   1    609   610   931   931
     360   1   1   1   0   1    608   609   930   930
 
    ELEM MAT TYP REL ESY SEC        NODES
 
     361   1   1   1   0   1    607   608   929   929
     362   1   1   1   0   1    606   607   928   928
     363   1   1   1   0   1    605   606   927   927
     364   1   1   1   0   1    604   605   926   926
     365   1   1   1   0   1    603   604   925   925
     366   1   1   1   0   1    602   603   924   924
     367   1   1   1   0   1    600   601   704   704
     368   1   1   1   0   1    599   600   705   705
     369   1   1   1   0   1    598   599   705   705
     370   1   1   1   0   1    597   598   706   706
     371   1   1   1   0   1    596   597   707   707
     372   1   1   1   0   1    595   596   708   708
     373   1   1   1   0   1    594   595   708   708
     374   1   1   1   0   1    593   594   709   709
     375   1   1   1   0   1    592   593   917   917
     376   1   1   1   0   1    591   592   923   923
     377   1   1   1   0   1    590   591   682   682
     378   1   1   1   0   1    768   589   683   683
     379   1   1   1   0   1    721   588   770   770
     380   1   1   1   0   1    585   728   920   920
 
    ELEM MAT TYP REL ESY SEC        NODES
 
     381   1   1   1   0   1    580   623   622   622
     382   1   1   1   0   1    579   580   622   622
     383   1   1   1   0   1    578   579   918   918
     384   1   1   1   0   1    577   827   904   904
     385   1   1   1   0   1    709   577   917   917
     386   1   1   1   0   1    913   246   914   914
     387   1   1   1   0   1    244   913   791   791
     388   1   1   1   0   1    730   248   790   790
     389   1   1   1   0   1    912   251   730   730
     390   1   1   1   0   1    731   252   912   912
     391   1   1   1   0   1    240   731   736   736
     392   1   1   1   0   1    878   547   911   911
     393   1   1   1   0   1    879   548   878   878
     394   1   1   1   0   1    880   549   879   879
     395   1   1   1   0   1    881   550   880   880
     396   1   1   1   0   1    882   551   881   881
     397   1   1   1   0   1    883   552   882   882
     398   1   1   1   0   1    884   553   883   883
     399   1   1   1   0   1    885   554   884   884
     400   1   1   1   0   1    887   557   886   886
 
    ELEM MAT TYP REL ESY SEC        NODES
 
     401   1   1   1   0   1    888   558   887   887
     402   1   1   1   0   1    889   559   888   888
     403   1   1   1   0   1    890   560   889   889
     404   1   1   1   0   1    891   561   890   890
     405   1   1   1   0   1    892   562   891   891
     406   1   1   1   0   1    893   563   892   892
     407   1   1   1   0   1    910   564   893   893
     408   1   1   1   0   1    909   565   910   910
     409   1   1   1   0   1    908   566   909   909
     410   1   1   1   0   1    907   567   908   908
     411   1   1   1   0   1    906   568   907   907
     412   1   1   1   0   1    905   569   906   906
     413   1   1   1   0   1    903   512   904   904
     414   1   1   1   0   1    829   513   903   903
     415   1   1   1   0   1    830   514   829   829
     416   1   1   1   0   1    831   515   830   830
     417   1   1   1   0   1    832   516   831   831
     418   1   1   1   0   1    833   517   832   832
     419   1   1   1   0   1    834   518   833   833
     420   1   1   1   0   1    835   519   834   834
 
    ELEM MAT TYP REL ESY SEC        NODES
 
     421   1   1   1   0   1    836   520   835   835
     422   1   1   1   0   1    844   524   845   845
     423   1   1   1   0   1    843   525   844   844
     424   1   1   1   0   1    842   526   843   843
     425   1   1   1   0   1    841   527   842   842
     426   1   1   1   0   1    840   528   841   841
     427   1   1   1   0   1    839   529   840   840
     428   1   1   1   0   1    838   530   839   839
     429   1   1   1   0   1    902   531   838   838
     430   1   1   1   0   1    819   422   818   818
     431   1   1   1   0   1    820   423   819   819
     432   1   1   1   0   1    821   425   820   820
     433   1   1   1   0   1    822   426   821   821
     434   1   1   1   0   1    823   427   822   822
     435   1   1   1   0   1    824   428   823   823
     436   1   1   1   0   1    826   432   825   825
     437   1   1   1   0   1    654   433   826   826
     438   1   1   1   0   1    901   434   654   654
     439   1   1   1   0   1    900   435   901   901
     440   1   1   1   0   1    899   436   900   900
 
    ELEM MAT TYP REL ESY SEC        NODES
 
     441   1   1   1   0   1    898   437   899   899
     442   1   1   1   0   1    897   438   898   898
     443   1   1   1   0   1    896   439   897   897
     444   1   1   1   0   1    895   440   896   896
     445   1   1   1   0   1    894   441   895   895
     446   1   1   1   0   1    892   391   893   893
     447   1   1   1   0   1    891   392   892   892
     448   1   1   1   0   1    890   393   891   891
     449   1   1   1   0   1    889   394   890   890
     450   1   1   1   0   1    888   395   889   889
     451   1   1   1   0   1    887   396   888   888
     452   1   1   1   0   1    886   397   887   887
     453   1   1   1   0   1    546   398   886   886
     454   1   1   1   0   1    885   390   555   555
     455   1   1   1   0   1    884   400   885   885
     456   1   1   1   0   1    883   401   884   884
     457   1   1   1   0   1    882   402   883   883
     458   1   1   1   0   1    881   403   882   882
     459   1   1   1   0   1    880   404   881   881
     460   1   1   1   0   1    879   405   880   880
 
    ELEM MAT TYP REL ESY SEC        NODES
 
     461   1   1   1   0   1    878   406   879   879
     462   1   1   1   0   1    877   407   878   878
     463   1   1   1   0   1    876   408   877   877
     464   1   1   1   0   1    875   409   876   876
     465   1   1   1   0   1    874   410   875   875
     466   1   1   1   0   1    873   272   792   792
     467   1   1   1   0   1    872   274   873   873
     468   1   1   1   0   1    871   275   872   872
     469   1   1   1   0   1    870   276   871   871
     470   1   1   1   0   1    273   870   738   738
     471   1   1   1   0   1    289   811   812   812
     472   1   1   1   0   1    290   869   915   915
     473   1   1   1   0   1    291   739   869   869
     474   1   1   1   0   1    292   794   793   793
     475   1   1   1   0   1    293   868   794   794
     476   1   1   1   0   1    294   867   868   868
     477   1   1   1   0   1    295   866   867   867
     478   1   1   1   0   1    296   865   866   866
     479   1   1   1   0   1    297   864   865   865
     480   1   1   1   0   1    298   863   864   864
 
    ELEM MAT TYP REL ESY SEC        NODES
 
     481   1   1   1   0   1    638   288   812   812
     482   1   1   1   0   1    299   638   863   863
     483   1   1   1   0   1    861   313   862   862
     484   1   1   1   0   1    860   314   861   861
     485   1   1   1   0   1    859   315   860   860
     486   1   1   1   0   1    858   316   859   859
     487   1   1   1   0   1    857   317   858   858
     488   1   1   1   0   1    856   318   857   857
     489   1   1   1   0   1    855   319   856   856
     490   1   1   1   0   1    854   320   855   855
     491   1   1   1   0   1    853   321   854   854
     492   1   1   1   0   1    852   322   853   853
     493   1   1   1   0   1    851   323   852   852
     494   1   1   1   0   1    850   324   851   851
     495   1   1   1   0   1    849   312   850   850
     496   1   1   1   0   1    800   326   849   849
     497   1   1   1   0   1    801   327   800   800
     498   1   1   1   0   1    848   328   801   801
     499   1   1   1   0   1    847   329   848   848
     500   1   1   1   0   1    846   330   847   847
 
    ELEM MAT TYP REL ESY SEC        NODES
 
     501   1   1   1   0   1    337   845   523   523
     502   1   1   1   0   1    338   844   845   845
     503   1   1   1   0   1    339   843   844   844
     504   1   1   1   0   1    340   842   843   843
     505   1   1   1   0   1    341   841   842   842
     506   1   1   1   0   1    342   840   841   841
     507   1   1   1   0   1    343   839   840   840
     508   1   1   1   0   1    344   838   839   839
     509   1   1   1   0   1    345   837   838   838
     510   1   1   1   0   1    836   346   521   521
     511   1   1   1   0   1    835   347   836   836
     512   1   1   1   0   1    834   348   835   835
     513   1   1   1   0   1    833   349   834   834
     514   1   1   1   0   1    832   350   833   833
     515   1   1   1   0   1    831   351   832   832
     516   1   1   1   0   1    830   352   831   831
     517   1   1   1   0   1    829   353   830   830
     518   1   1   1   0   1    828   354   829   829
     519   1   1   1   0   1    827   355   828   828
     520   1   1   1   0   1    825   468   826   826
 
    ELEM MAT TYP REL ESY SEC        NODES
 
     521   1   1   1   0   1    421   469   825   825
     522   1   1   1   0   1    824   471   429   429
     523   1   1   1   0   1    823   467   824   824
     524   1   1   1   0   1    822   473   823   823
     525   1   1   1   0   1    821   474   822   822
     526   1   1   1   0   1    820   475   821   821
     527   1   1   1   0   1    819   476   820   820
     528   1   1   1   0   1    818   477   819   819
     529   1   1   1   0   1    669   478   818   818
     530   1   1   1   0   1    817   479   669   669
     531   1   1   1   0   1    816   480   817   817
     532   1   1   1   0   1    815   481   816   816
     533   1   1   1   0   1    814   482   815   815
     534   1   1   1   0   1    813   483   814   814
     535   1   1   1   0   1    811   498   812   812
     536   1   1   1   0   1    810   499   811   811
     537   1   1   1   0   1    809   497   810   810
     538   1   1   1   0   1    808   500   809   809
     539   1   1   1   0   1    807   501   808   808
     540   1   1   1   0   1    806   502   807   807
 
    ELEM MAT TYP REL ESY SEC        NODES
 
     541   1   1   1   0   1    805   503   806   806
     542   1   1   1   0   1    804   504   805   805
     543   1   1   1   0   1    803   505   804   804
     544   1   1   1   0   1    748   506   803   803
     545   1   1   1   0   1    801   362   802   802
     546   1   1   1   0   1    800   363   801   801
     547   1   1   1   0   1    785   152   732   732
     548   1   1   1   0   1    164   799   641   641
     549   1   1   1   0   1    165   798   799   799
     550   1   1   1   0   1    166   797   798   798
     551   1   1   1   0   1    167   796   797   797
     552   1   1   1   0   1    168   795   796   796
     553   1   1   1   0   1    169   794   795   795
     554   1   1   1   0   1    170   793   794   794
     555   1   1   1   0   1    174   792   272   272
     556   1   1   1   0   1    175   791   792   792
     557   1   1   1   0   1    176   244   791   791
     558   1   1   1   0   1    180   790   248   248
     559   1   1   1   0   1    181   253   790   790
     560   1   1   1   0   1    190   788   789   789
 
    ELEM MAT TYP REL ESY SEC        NODES
 
     561   1   1   1   0   1    191   787   788   788
     562   1   1   1   0   1    192   786   787   787
     563   1   1   1   0   1    193   785   786   786
     564   1   1   1   0   1    196   783   784   784
     565   1   1   1   0   1    197   782   783   783
     566   1   1   1   0   1    198   781   782   782
     567   1   1   1   0   1    199   701   781   781
     568   1   1   1   0   1    200   700   701   701
     569   1   1   1   0   1    201   699   700   700
     570   1   1   1   0   1    202   698   699   699
     571   1   1   1   0   1    203   697   698   698
     572   1   1   1   0   1    204   696   697   697
     573   1   1   1   0   1    205   695   696   696
     574   1   1   1   0   1    206   780   695   695
     575   1   1   1   0   1    207   779   780   780
     576   1   1   1   0   1    208   778   779   779
     577   1   1   1   0   1    209   777   778   778
     578   1   1   1   0   1    210   673   777   777
     579   1   1   1   0   1    211   674   673   673
     580   1   1   1   0   1    212   675   674   674
 
    ELEM MAT TYP REL ESY SEC        NODES
 
     581   1   1   1   0   1    213   676   675   675
     582   1   1   1   0   1    214   677   676   676
     583   1   1   1   0   1    215   678   677   677
     584   1   1   1   0   1    216   776   678   678
     585   1   1   1   0   1    217   775   776   776
     586   1   1   1   0   1    218   774   775   775
     587   1   1   1   0   1    219   773   774   774
     588   1   1   1   0   1    220   772   773   773
     589   1   1   1   0   1    221   650   772   772
     590   1   1   1   0   1    222   649   650   650
     591   1   1   1   0   1    223   648   649   649
     592   1   1   1   0   1    224   647   648   648
     593   1   1   1   0   1    225   646   647   647
     594   1   1   1   0   1    226   645   646   646
     595   1   1   1   0   1    227   644   645   645
     596   1   1   1   0   1    228   643   644   644
     597   1   1   1   0   1    229   642   643   643
     598   1   1   1   0   1    230   641   642   642
     599   1   1   1   0   1     13   770   771   771
     600   1   1   1   0   1     14   721   770   770
 
    ELEM MAT TYP REL ESY SEC        NODES
 
     601   1   1   1   0   1     15   722   721   721
     602   1   1   1   0   1    723    17   724   724
     603   1   1   1   0   1     16   723   722   722
     604   1   1   1   0   1     17   581   724   724
     605   1   1   1   0   1     18   582   581   581
     606   1   1   1   0   1     19   583   582   582
     607   1   1   1   0   1     21   584   583   583
     608   1   1   1   0   1     22   720   584   584
     609   1   1   1   0   1     23   769   720   720
     610   1   1   1   0   1    684    50   768   768
     611   1   1   1   0   1    685    51   684   684
     612   1   1   1   0   1    686    52   685   685
     613   1   1   1   0   1    687    53   686   686
     614   1   1   1   0   1    767    54   687   687
     615   1   1   1   0   1    766    55   767   767
     616   1   1   1   0   1    765    56   766   766
     617   1   1   1   0   1    690    57   765   765
     618   1   1   1   0   1    691    58   690   690
     619   1   1   1   0   1    764    59   691   691
     620   1   1   1   0   1    763    60   764   764
 
    ELEM MAT TYP REL ESY SEC        NODES
 
     621   1   1   1   0   1    762    61   763   763
     622   1   1   1   0   1    761    62   762   762
     623   1   1   1   0   1    760    63   761   761
     624   1   1   1   0   1    759    64   760   760
     625   1   1   1   0   1    758    49   759   759
     626   1   1   1   0   1    661    66   758   758
     627   1   1   1   0   1    662    67   661   661
     628   1   1   1   0   1    663    68   662   662
     629   1   1   1   0   1    664    70   663   663
     630   1   1   1   0   1    665    71   664   664
     631   1   1   1   0   1    666    72   665   665
     632   1   1   1   0   1    667    73   666   666
     633   1   1   1   0   1    668    74   667   667
     634   1   1   1   0   1    757    75   668   668
     635   1   1   1   0   1    756    76   757   757
     636   1   1   1   0   1    755    77   756   756
     637   1   1   1   0   1    754    78   755   755
     638   1   1   1   0   1    753    79   754   754
     639   1   1   1   0   1    752    80   753   753
     640   1   1   1   0   1    751    81   752   752
 
    ELEM MAT TYP REL ESY SEC        NODES
 
     641   1   1   1   0   1    750    82   751   751
     642   1   1   1   0   1    749    83   750   750
     643   1   1   1   0   1    657    84   749   749
     644   1   1   1   0   1    624    85   657   657
     645   1   1   1   0   1    625    86   624   624
     646   1   1   1   0   1    626    87   625   625
     647   1   1   1   0   1    627    88   626   626
     648   1   1   1   0   1    628    89   627   627
     649   1   1   1   0   1    629    90   628   628
     650   1   1   1   0   1    630    91   629   629
     651   1   1   1   0   1    631    92   630   630
     652   1   1   1   0   1    632    93   631   631
     653   1   1   1   0   1    633    94   632   632
     654   1   1   1   0   1     95   633   634   634
     655   1   1   1   0   1    635    95   634   634
     656   1   1   1   0   1    636    96   635   635
     657   1   1   1   0   1    637    97   636   636
     658   1   1   1   0   1    748    99   637   637
     659   1   1   1   0   1    747   100   748   748
     660   1   1   1   0   1    746   101   747   747
 
    ELEM MAT TYP REL ESY SEC        NODES
 
     661   1   1   1   0   1    745   102   746   746
     662   1   1   1   0   1    744   103   745   745
     663   1   1   1   0   1    743   104   744   744
     664   1   1   1   0   1    742   105   743   743
     665   1   1   1   0   1    741   106   742   742
     666   1   1   1   0   1    740   107   741   741
     667   1   1   1   0   1    739   108   740   740
     668   1   1   1   0   1    277   109   739   739
     669   1   1   1   0   1    738   120   273   273
     670   1   1   1   0   1    737   121   738   738
     671   1   1   1   0   1    241   122   737   737
     672   1   1   1   0   1    736   126   240   240
     673   1   1   1   0   1    263   127   736   736
     674   1   1   1   0   1    735   136   729   729
     675   1   1   1   0   1    734   137   735   735
     676   1   1   1   0   1    733   138   734   734
     677   1   1   1   0   1    732   139   733   733
     678   1   1   1   0   1    152   140   732   732
     679   1   1   1   0   1    731   263   736   736
     680   1   1   1   0   1    253   730   790   790
 
    ELEM MAT TYP REL ESY SEC        NODES
 
     681   1   1   1   0   1    729   262   789   789
     682   1   1   1   0   1    261   729   135   135
     683   1   1   1   0   1    262   189   789   789
     684   1   1   1   0   1    366   727   728   728
     685   1   1   1   0   1    367   726   727   727
     686   1   1   1   0   1    368   725   726   726
     687   1   1   1   0   1    374   723   724   724
     688   1   1   1   0   1    375   722   723   723
     689   1   1   1   0   1    376   721   722   722
     690   1   1   1   0   1    719   381   720   720
     691   1   1   1   0   1    718   382   719   719
     692   1   1   1   0   1    717   383   718   718
     693   1   1   1   0   1    356   712   623   623
     694   1   1   1   0   1      3   715   716   716
     695   1   1   1   0   1      5   714   715   715
     696   1   1   1   0   1      6   713   714   714
     697   1   1   1   0   1      7   712   713   713
     698   1   1   1   0   1    711     1   716   716
     699   1   1   1   0   1    710    10   711   711
     700   1   1   1   0   1      8   710   769   769
 
    ELEM MAT TYP REL ESY SEC        NODES
 
     701   1   1   1   0   1    708   306   709   709
     702   1   1   1   0   1    707   307   708   708
     703   1   1   1   0   1    706   308   707   707
     704   1   1   1   0   1    705   309   706   706
     705   1   1   1   0   1    600   310   705   705
     706   1   1   1   0   1    704   311   600   600
     707   1   1   1   0   1    305   704   862   862
     708   1   1   1   0   1    702   535   703   703
     709   1   1   1   0   1    701   536   702   702
     710   1   1   1   0   1    700   537   701   701
     711   1   1   1   0   1    699   538   700   700
     712   1   1   1   0   1    698   539   699   699
     713   1   1   1   0   1    697   540   698   698
     714   1   1   1   0   1    696   541   697   697
     715   1   1   1   0   1    695   534   696   696
     716   1   1   1   0   1    694   543   695   695
     717   1   1   1   0   1    693   544   694   694
     718   1   1   1   0   1    692   545   693   693
     719   1   1   1   0   1    542   692   911   911
     720   1   1   1   0   1    691   556   905   905
 
    ELEM MAT TYP REL ESY SEC        NODES
 
     721   1   1   1   0   1    690   570   691   691
     722   1   1   1   0   1    689   571   690   690
     723   1   1   1   0   1    688   572   689   689
     724   1   1   1   0   1    687   573   688   688
     725   1   1   1   0   1    686   574   687   687
     726   1   1   1   0   1    685   575   686   686
     727   1   1   1   0   1    684   576   685   685
     728   1   1   1   0   1    683   507   684   684
     729   1   1   1   0   1    682   509   683   683
     730   1   1   1   0   1    681   510   682   682
     731   1   1   1   0   1    508   681   904   904
     732   1   1   1   0   1    680   522   902   902
     733   1   1   1   0   1    679   533   680   680
     734   1   1   1   0   1    532   679   703   703
     735   1   1   1   0   1    412   677   678   678
     736   1   1   1   0   1    413   676   677   677
     737   1   1   1   0   1    414   675   676   676
     738   1   1   1   0   1    415   674   675   675
     739   1   1   1   0   1    416   673   674   674
     740   1   1   1   0   1    672   399   874   874
 
    ELEM MAT TYP REL ESY SEC        NODES
 
     741   1   1   1   0   1    417   672   673   673
     742   1   1   1   0   1    671   411   678   678
     743   1   1   1   0   1    670   419   671   671
     744   1   1   1   0   1    669   420   670   670
     745   1   1   1   0   1    418   669   818   818
     746   1   1   1   0   1    668   430   894   894
     747   1   1   1   0   1    667   442   668   668
     748   1   1   1   0   1    666   443   667   667
     749   1   1   1   0   1    665   444   666   666
     750   1   1   1   0   1    664   445   665   665
     751   1   1   1   0   1    663   446   664   664
     752   1   1   1   0   1    662   447   663   663
     753   1   1   1   0   1    661   385   662   662
     754   1   1   1   0   1    660   387   661   661
     755   1   1   1   0   1    659   388   660   660
     756   1   1   1   0   1    658   389   659   659
     757   1   1   1   0   1    386   658   893   893
     758   1   1   1   0   1    656   464   657   657
     759   1   1   1   0   1    654   466   655   655
     760   1   1   1   0   1    463   654   826   826
 
    ELEM MAT TYP REL ESY SEC        NODES
 
     761   1   1   1   0   1    618   325   846   846
     762   1   1   1   0   1    617   332   618   618
     763   1   1   1   0   1    653   333   617   617
     764   1   1   1   0   1    652   334   653   653
     765   1   1   1   0   1    651   335   652   652
     766   1   1   1   0   1    331   651   837   837
     767   1   1   1   0   1    650   472   813   813
     768   1   1   1   0   1    649   485   650   650
     769   1   1   1   0   1    648   486   649   649
     770   1   1   1   0   1    647   487   648   648
     771   1   1   1   0   1    646   488   647   647
     772   1   1   1   0   1    645   489   646   646
     773   1   1   1   0   1    644   490   645   645
     774   1   1   1   0   1    643   491   644   644
     775   1   1   1   0   1    642   492   643   643
     776   1   1   1   0   1    641   484   642   642
     777   1   1   1   0   1    640   494   641   641
     778   1   1   1   0   1    639   495   640   640
     779   1   1   1   0   1    638   496   639   639
     780   1   1   1   0   1    493   638   812   812
 
    ELEM MAT TYP REL ESY SEC        NODES
 
     781   1   1   1   0   1    637   448   748   748
     782   1   1   1   0   1    636   450   637   637
     783   1   1   1   0   1    635   451   636   636
     784   1   1   1   0   1    634   452   635   635
     785   1   1   1   0   1    633   453   634   634
     786   1   1   1   0   1    632   454   633   633
     787   1   1   1   0   1    631   455   632   632
     788   1   1   1   0   1    630   456   631   631
     789   1   1   1   0   1    629   457   630   630
     790   1   1   1   0   1    628   458   629   629
     791   1   1   1   0   1    627   459   628   628
     792   1   1   1   0   1    626   460   627   627
     793   1   1   1   0   1    625   461   626   626
     794   1   1   1   0   1    624   462   625   625
     795   1   1   1   0   1    449   624   657   657
     796   1   1   1   0   1      2   623   712   712
     797   1   1   1   0   1    231   622   623   623
     798   1   1   1   0   1    232   621   622   622
     799   1   1   1   0   1    233   620   621   621
     800   1   1   1   0   1    234   619   620   620
 
    ELEM MAT TYP REL ESY SEC        NODES
 
     801   1   1   1   0   1    235   618   619   619
     802   1   1   1   0   1    236   617   618   618
     803   1   1   1   0   1    237   616   617   617
     804   1   1   1   0   1    238   615   616   616
     805   1   1   1   0   1    614   195   784   784
     806   1   1   1   0   1    239   614   615   615
     807   1   1   1   0   1    613    12   771   771
     808   1   1   1   0   1    612    25   613   613
     809   1   1   1   0   1    611    26   612   612
     810   1   1   1   0   1    610    27   611   611
     811   1   1   1   0   1    609    28   610   610
     812   1   1   1   0   1    608    29   609   609
     813   1   1   1   0   1    607    30   608   608
     814   1   1   1   0   1    606    31   607   607
     815   1   1   1   0   1    605    32   606   606
     816   1   1   1   0   1    604    33   605   605
     817   1   1   1   0   1    603    34   604   604
     818   1   1   1   0   1    602    35   603   603
     819   1   1   1   0   1    601    36   602   602
     820   1   1   1   0   1    600    37   601   601
 
    ELEM MAT TYP REL ESY SEC        NODES
 
     821   1   1   1   0   1    599    38   600   600
     822   1   1   1   0   1    598    39   599   599
     823   1   1   1   0   1    597    40   598   598
     824   1   1   1   0   1    596    41   597   597
     825   1   1   1   0   1    595    42   596   596
     826   1   1   1   0   1    594    43   595   595
     827   1   1   1   0   1    593    44   594   594
     828   1   1   1   0   1    592    45   593   593
     829   1   1   1   0   1    591    46   592   592
     830   1   1   1   0   1    590    47   591   591
     831   1   1   1   0   1    589    48   590   590
     832   1   1   1   0   1     24   589   768   768
     833   1   1   1   0   1    369   588   721   721
     834   1   1   1   0   1    585   365   728   728
     835   1   1   1   0   1    377   584   720   720
     836   1   1   1   0   1    378   583   584   584
     837   1   1   1   0   1    379   582   583   583
     838   1   1   1   0   1    581   373   724   724
     839   1   1   1   0   1    380   581   582   582
     840   1   1   1   0   1    580   356   623   623
 
    ELEM MAT TYP REL ESY SEC        NODES
 
     841   1   1   1   0   1    579   359   580   580
     842   1   1   1   0   1    578   360   579   579
     843   1   1   1   0   1    357   578   802   802
     844   1   1   1   0   1    577   304   827   827
     845   1   1   1   0   1    303   577   709   709
     846   1   1   1   0   1    246   245   914   914
     847   1   1   1   0   1    247   246   913   913
     848   1   1   1   0   1    244   247   913   913
     849   1   1   1   0   1    251   248   730   730
     850   1   1   1   0   1    252   251   912   912
     851   1   1   1   0   1    240   252   731   731
     852   1   1   1   0   1    547   542   911   911
     853   1   1   1   0   1    548   547   878   878
     854   1   1   1   0   1    549   548   879   879
     855   1   1   1   0   1    550   549   880   880
     856   1   1   1   0   1    551   550   881   881
     857   1   1   1   0   1    552   551   882   882
     858   1   1   1   0   1    553   552   883   883
     859   1   1   1   0   1    554   553   884   884
     860   1   1   1   0   1    555   554   885   885
 
    ELEM MAT TYP REL ESY SEC        NODES
 
     861   1   1   1   0   1    546   555   390   390
     862   1   1   1   0   1    557   546   886   886
     863   1   1   1   0   1    558   557   887   887
     864   1   1   1   0   1    559   558   888   888
     865   1   1   1   0   1    560   559   889   889
     866   1   1   1   0   1    561   560   890   890
     867   1   1   1   0   1    562   561   891   891
     868   1   1   1   0   1    563   562   892   892
     869   1   1   1   0   1    564   563   893   893
     870   1   1   1   0   1    565   564   910   910
     871   1   1   1   0   1    566   565   909   909
     872   1   1   1   0   1    567   566   908   908
     873   1   1   1   0   1    568   567   907   907
     874   1   1   1   0   1    569   568   906   906
     875   1   1   1   0   1    556   569   905   905
     876   1   1   1   0   1    512   508   904   904
     877   1   1   1   0   1    513   512   903   903
     878   1   1   1   0   1    514   513   829   829
     879   1   1   1   0   1    515   514   830   830
     880   1   1   1   0   1    516   515   831   831
 
    ELEM MAT TYP REL ESY SEC        NODES
 
     881   1   1   1   0   1    517   516   832   832
     882   1   1   1   0   1    518   517   833   833
     883   1   1   1   0   1    519   518   834   834
     884   1   1   1   0   1    520   519   835   835
     885   1   1   1   0   1    521   520   836   836
     886   1   1   1   0   1    511   521   346   346
     887   1   1   1   0   1    523   511   336   336
     888   1   1   1   0   1    524   523   845   845
     889   1   1   1   0   1    525   524   844   844
     890   1   1   1   0   1    526   525   843   843
     891   1   1   1   0   1    527   526   842   842
     892   1   1   1   0   1    528   527   841   841
     893   1   1   1   0   1    529   528   840   840
     894   1   1   1   0   1    530   529   839   839
     895   1   1   1   0   1    531   530   838   838
     896   1   1   1   0   1    522   531   902   902
     897   1   1   1   0   1    422   418   818   818
     898   1   1   1   0   1    423   422   819   819
     899   1   1   1   0   1    424   423   820   820
     900   1   1   1   0   1    425   424   820   820
 
    ELEM MAT TYP REL ESY SEC        NODES
 
     901   1   1   1   0   1    426   425   821   821
     902   1   1   1   0   1    427   426   822   822
     903   1   1   1   0   1    428   427   823   823
     904   1   1   1   0   1    429   428   824   824
     905   1   1   1   0   1    421   429   470   470
     906   1   1   1   0   1    431   421   825   825
     907   1   1   1   0   1    432   431   825   825
     908   1   1   1   0   1    433   432   826   826
     909   1   1   1   0   1    434   433   654   654
     910   1   1   1   0   1    435   434   901   901
     911   1   1   1   0   1    436   435   900   900
     912   1   1   1   0   1    437   436   899   899
     913   1   1   1   0   1    438   437   898   898
     914   1   1   1   0   1    439   438   897   897
     915   1   1   1   0   1    440   439   896   896
     916   1   1   1   0   1    441   440   895   895
     917   1   1   1   0   1    430   441   894   894
     918   1   1   1   0   1    391   386   893   893
     919   1   1   1   0   1    392   391   892   892
     920   1   1   1   0   1    393   392   891   891
 
    ELEM MAT TYP REL ESY SEC        NODES
 
     921   1   1   1   0   1    394   393   890   890
     922   1   1   1   0   1    395   394   889   889
     923   1   1   1   0   1    396   395   888   888
     924   1   1   1   0   1    397   396   887   887
     925   1   1   1   0   1    398   397   886   886
     926   1   1   1   0   1    390   398   546   546
     927   1   1   1   0   1    400   390   885   885
     928   1   1   1   0   1    401   400   884   884
     929   1   1   1   0   1    402   401   883   883
     930   1   1   1   0   1    403   402   882   882
     931   1   1   1   0   1    404   403   881   881
     932   1   1   1   0   1    405   404   880   880
     933   1   1   1   0   1    406   405   879   879
     934   1   1   1   0   1    407   406   878   878
     935   1   1   1   0   1    408   407   877   877
     936   1   1   1   0   1    409   408   876   876
     937   1   1   1   0   1    410   409   875   875
     938   1   1   1   0   1    399   410   874   874
     939   1   1   1   0   1    274   272   873   873
     940   1   1   1   0   1    275   274   872   872
 
    ELEM MAT TYP REL ESY SEC        NODES
 
     941   1   1   1   0   1    276   275   871   871
     942   1   1   1   0   1    273   276   870   870
     943   1   1   1   0   1    288   289   812   812
     944   1   1   1   0   1    290   291   869   869
     945   1   1   1   0   1    291   277   739   739
     946   1   1   1   0   1    292   293   794   794
     947   1   1   1   0   1    293   294   868   868
     948   1   1   1   0   1    294   295   867   867
     949   1   1   1   0   1    295   296   866   866
     950   1   1   1   0   1    296   297   865   865
     951   1   1   1   0   1    297   298   864   864
     952   1   1   1   0   1    298   299   863   863
     953   1   1   1   0   1    299   288   638   638
     954   1   1   1   0   1    313   305   862   862
     955   1   1   1   0   1    314   313   861   861
     956   1   1   1   0   1    315   314   860   860
     957   1   1   1   0   1    316   315   859   859
     958   1   1   1   0   1    317   316   858   858
     959   1   1   1   0   1    318   317   857   857
     960   1   1   1   0   1    319   318   856   856
 
    ELEM MAT TYP REL ESY SEC        NODES
 
     961   1   1   1   0   1    320   319   855   855
     962   1   1   1   0   1    321   320   854   854
     963   1   1   1   0   1    322   321   853   853
     964   1   1   1   0   1    323   322   852   852
     965   1   1   1   0   1    324   323   851   851
     966   1   1   1   0   1    312   324   850   850
     967   1   1   1   0   1    326   312   849   849
     968   1   1   1   0   1    327   326   800   800
     969   1   1   1   0   1    328   327   801   801
     970   1   1   1   0   1    329   328   848   848
     971   1   1   1   0   1    330   329   847   847
     972   1   1   1   0   1    325   330   846   846
     973   1   1   1   0   1    336   337   523   523
     974   1   1   1   0   1    337   338   845   845
     975   1   1   1   0   1    338   339   844   844
     976   1   1   1   0   1    339   340   843   843
     977   1   1   1   0   1    340   341   842   842
     978   1   1   1   0   1    341   342   841   841
     979   1   1   1   0   1    342   343   840   840
     980   1   1   1   0   1    343   344   839   839
 
    ELEM MAT TYP REL ESY SEC        NODES
 
     981   1   1   1   0   1    344   345   838   838
     982   1   1   1   0   1    345   331   837   837
     983   1   1   1   0   1    346   336   511   511
     984   1   1   1   0   1    347   346   836   836
     985   1   1   1   0   1    348   347   835   835
     986   1   1   1   0   1    349   348   834   834
     987   1   1   1   0   1    350   349   833   833
     988   1   1   1   0   1    351   350   832   832
     989   1   1   1   0   1    352   351   831   831
     990   1   1   1   0   1    353   352   830   830
     991   1   1   1   0   1    354   353   829   829
     992   1   1   1   0   1    355   354   828   828
     993   1   1   1   0   1    304   355   827   827
     994   1   1   1   0   1    468   463   826   826
     995   1   1   1   0   1    469   468   825   825
     996   1   1   1   0   1    470   469   421   421
     997   1   1   1   0   1    471   470   429   429
     998   1   1   1   0   1    467   471   824   824
     999   1   1   1   0   1    473   467   823   823
    1000   1   1   1   0   1    474   473   822   822
 
    ELEM MAT TYP REL ESY SEC        NODES
 
    1001   1   1   1   0   1    475   474   821   821
    1002   1   1   1   0   1    476   475   820   820
    1003   1   1   1   0   1    477   476   819   819
    1004   1   1   1   0   1    478   477   818   818
    1005   1   1   1   0   1    479   478   669   669
    1006   1   1   1   0   1    480   479   817   817
    1007   1   1   1   0   1    481   480   816   816
    1008   1   1   1   0   1    482   481   815   815
    1009   1   1   1   0   1    483   482   814   814
    1010   1   1   1   0   1    472   483   813   813
    1011   1   1   1   0   1    498   493   812   812
    1012   1   1   1   0   1    499   498   811   811
    1013   1   1   1   0   1    497   499   810   810
    1014   1   1   1   0   1    500   497   809   809
    1015   1   1   1   0   1    501   500   808   808
    1016   1   1   1   0   1    502   501   807   807
    1017   1   1   1   0   1    503   502   806   806
    1018   1   1   1   0   1    504   503   805   805
    1019   1   1   1   0   1    505   504   804   804
    1020   1   1   1   0   1    506   505   803   803
 
    ELEM MAT TYP REL ESY SEC        NODES
 
    1021   1   1   1   0   1    448   506   748   748
    1022   1   1   1   0   1    362   357   802   802
    1023   1   1   1   0   1    363   362   801   801
    1024   1   1   1   0   1    364   363   800   800
    1025   1   1   1   0   1    361   364   725   725
    1026   1   1   1   0   1    151    65   150   150
    1027   1   1   1   0   1    162   152   785   785
    1028   1   1   1   0   1    163   164   641   641
    1029   1   1   1   0   1    164   165   799   799
    1030   1   1   1   0   1    165   166   798   798
    1031   1   1   1   0   1    166   167   797   797
    1032   1   1   1   0   1    167   168   796   796
    1033   1   1   1   0   1    168   169   795   795
    1034   1   1   1   0   1    169   170   794   794
    1035   1   1   1   0   1    170   171   793   793
    1036   1   1   1   0   1    171   172   302   302
    1037   1   1   1   0   1    172   173   301   301
    1038   1   1   1   0   1    173   174   272   272
    1039   1   1   1   0   1    174   175   792   792
    1040   1   1   1   0   1    175   176   791   791
 
    ELEM MAT TYP REL ESY SEC        NODES
 
    1041   1   1   1   0   1    176   177   244   244
    1042   1   1   1   0   1    177   178   249   249
    1043   1   1   1   0   1    178   179   250   250
    1044   1   1   1   0   1    179   180   248   248
    1045   1   1   1   0   1    180   181   790   790
    1046   1   1   1   0   1    181   182   253   253
    1047   1   1   1   0   1    182   183   255   255
    1048   1   1   1   0   1    183   184   256   256
    1049   1   1   1   0   1    184   185   257   257
    1050   1   1   1   0   1    185   186   258   258
    1051   1   1   1   0   1    186   187   260   260
    1052   1   1   1   0   1    187   188   254   254
    1053   1   1   1   0   1    188   189   254   254
    1054   1   1   1   0   1    189   190   789   789
    1055   1   1   1   0   1    190   191   788   788
    1056   1   1   1   0   1    191   192   787   787
    1057   1   1   1   0   1    192   193   786   786
    1058   1   1   1   0   1    193   194   785   785
    1059   1   1   1   0   1    195   196   784   784
    1060   1   1   1   0   1    196   197   783   783
 
    ELEM MAT TYP REL ESY SEC        NODES
 
    1061   1   1   1   0   1    197   198   782   782
    1062   1   1   1   0   1    198   199   781   781
    1063   1   1   1   0   1    199   200   701   701
    1064   1   1   1   0   1    200   201   700   700
    1065   1   1   1   0   1    201   202   699   699
    1066   1   1   1   0   1    202   203   698   698
    1067   1   1   1   0   1    203   204   697   697
    1068   1   1   1   0   1    204   205   696   696
    1069   1   1   1   0   1    205   206   695   695
    1070   1   1   1   0   1    206   207   780   780
    1071   1   1   1   0   1    207   208   779   779
    1072   1   1   1   0   1    208   209   778   778
    1073   1   1   1   0   1    209   210   777   777
    1074   1   1   1   0   1    210   211   673   673
    1075   1   1   1   0   1    211   212   674   674
    1076   1   1   1   0   1    212   213   675   675
    1077   1   1   1   0   1    213   214   676   676
    1078   1   1   1   0   1    214   215   677   677
    1079   1   1   1   0   1    215   216   678   678
    1080   1   1   1   0   1    216   217   776   776
 
    ELEM MAT TYP REL ESY SEC        NODES
 
    1081   1   1   1   0   1    217   218   775   775
    1082   1   1   1   0   1    218   219   774   774
    1083   1   1   1   0   1    219   220   773   773
    1084   1   1   1   0   1    220   221   772   772
    1085   1   1   1   0   1    221   222   650   650
    1086   1   1   1   0   1    222   223   649   649
    1087   1   1   1   0   1    223   224   648   648
    1088   1   1   1   0   1    224   225   647   647
    1089   1   1   1   0   1    225   226   646   646
    1090   1   1   1   0   1    226   227   645   645
    1091   1   1   1   0   1    227   228   644   644
    1092   1   1   1   0   1    228   229   643   643
    1093   1   1   1   0   1    229   230   642   642
    1094   1   1   1   0   1    230   163   641   641
    1095   1   1   1   0   1     12    13   771   771
    1096   1   1   1   0   1     13    14   770   770
    1097   1   1   1   0   1     14    15   721   721
    1098   1   1   1   0   1     15    16   722   722
    1099   1   1   1   0   1     16    17   723   723
    1100   1   1   1   0   1     17    18   581   581
 
    ELEM MAT TYP REL ESY SEC        NODES
 
    1101   1   1   1   0   1     18    19   582   582
    1102   1   1   1   0   1     19    20   583   583
    1103   1   1   1   0   1     20    21   583   583
    1104   1   1   1   0   1     21    22   584   584
    1105   1   1   1   0   1     22    23   720   720
    1106   1   1   1   0   1     23     8   769   769
    1107   1   1   1   0   1     50    24   768   768
    1108   1   1   1   0   1     51    50   684   684
    1109   1   1   1   0   1     52    51   685   685
    1110   1   1   1   0   1     53    52   686   686
    1111   1   1   1   0   1     54    53   687   687
    1112   1   1   1   0   1     55    54   767   767
    1113   1   1   1   0   1     56    55   766   766
    1114   1   1   1   0   1     57    56   765   765
    1115   1   1   1   0   1     58    57   690   690
    1116   1   1   1   0   1     59    58   691   691
    1117   1   1   1   0   1     60    59   764   764
    1118   1   1   1   0   1     61    60   763   763
    1119   1   1   1   0   1     62    61   762   762
    1120   1   1   1   0   1     63    62   761   761
 
    ELEM MAT TYP REL ESY SEC        NODES
 
    1121   1   1   1   0   1     64    63   760   760
    1122   1   1   1   0   1     49    64   759   759
    1123   1   1   1   0   1     66    49   758   758
    1124   1   1   1   0   1     67    66   661   661
    1125   1   1   1   0   1     68    67   662   662
    1126   1   1   1   0   1     69    68   663   663
    1127   1   1   1   0   1     70    69   663   663
    1128   1   1   1   0   1     71    70   664   664
    1129   1   1   1   0   1     72    71   665   665
    1130   1   1   1   0   1     73    72   666   666
    1131   1   1   1   0   1     74    73   667   667
    1132   1   1   1   0   1     75    74   668   668
    1133   1   1   1   0   1     76    75   757   757
    1134   1   1   1   0   1     77    76   756   756
    1135   1   1   1   0   1     78    77   755   755
    1136   1   1   1   0   1     79    78   754   754
    1137   1   1   1   0   1     80    79   753   753
    1138   1   1   1   0   1     81    80   752   752
    1139   1   1   1   0   1     82    81   751   751
    1140   1   1   1   0   1     83    82   750   750
 
    ELEM MAT TYP REL ESY SEC        NODES
 
    1141   1   1   1   0   1     84    83   749   749
    1142   1   1   1   0   1     85    84   657   657
    1143   1   1   1   0   1     86    85   624   624
    1144   1   1   1   0   1     87    86   625   625
    1145   1   1   1   0   1     88    87   626   626
    1146   1   1   1   0   1     89    88   627   627
    1147   1   1   1   0   1     90    89   628   628
    1148   1   1   1   0   1     91    90   629   629
    1149   1   1   1   0   1     92    91   630   630
    1150   1   1   1   0   1     93    92   631   631
    1151   1   1   1   0   1     94    93   632   632
    1152   1   1   1   0   1     95    94   633   633
    1153   1   1   1   0   1     96    95   635   635
    1154   1   1   1   0   1     97    96   636   636
    1155   1   1   1   0   1     98    97   637   637
    1156   1   1   1   0   1     99    98   637   637
    1157   1   1   1   0   1    100    99   748   748
    1158   1   1   1   0   1    101   100   747   747
    1159   1   1   1   0   1    102   101   746   746
    1160   1   1   1   0   1    103   102   745   745
 
    ELEM MAT TYP REL ESY SEC        NODES
 
    1161   1   1   1   0   1    104   103   744   744
    1162   1   1   1   0   1    105   104   743   743
    1163   1   1   1   0   1    106   105   742   742
    1164   1   1   1   0   1    107   106   741   741
    1165   1   1   1   0   1    108   107   740   740
    1166   1   1   1   0   1    109   108   739   739
    1167   1   1   1   0   1    110   109   277   277
    1168   1   1   1   0   1    111   110   287   287
    1169   1   1   1   0   1    112   111   286   286
    1170   1   1   1   0   1    113   112   285   285
    1171   1   1   1   0   1    114   113   284   284
    1172   1   1   1   0   1    115   114   283   283
    1173   1   1   1   0   1    116   115   282   282
    1174   1   1   1   0   1    117   116   281   281
    1175   1   1   1   0   1    118   117   280   280
    1176   1   1   1   0   1    119   118   278   278
    1177   1   1   1   0   1    120   119   273   273
    1178   1   1   1   0   1    121   120   738   738
    1179   1   1   1   0   1    122   121   737   737
    1180   1   1   1   0   1    123   122   241   241
 
    ELEM MAT TYP REL ESY SEC        NODES
 
    1181   1   1   1   0   1    124   123   243   243
    1182   1   1   1   0   1    125   124   242   242
    1183   1   1   1   0   1    126   125   240   240
    1184   1   1   1   0   1    127   126   736   736
    1185   1   1   1   0   1    128   127   263   263
    1186   1   1   1   0   1    129   128   264   264
    1187   1   1   1   0   1    130   129   265   265
    1188   1   1   1   0   1    131   130   266   266
    1189   1   1   1   0   1    132   131   267   267
    1190   1   1   1   0   1    133   132   268   268
    1191   1   1   1   0   1    134   133   269   269
    1192   1   1   1   0   1    135   134   261   261
    1193   1   1   1   0   1    136   135   729   729
    1194   1   1   1   0   1    137   136   735   735
    1195   1   1   1   0   1    138   137   734   734
    1196   1   1   1   0   1    139   138   733   733
    1197   1   1   1   0   1    140   139   732   732
    1198   1   1   1   0   1    141   140   152   152
    1199   1   1   1   0   1    142   141   152   152
    1200   1   1   1   0   1    143   142   153   153
 
    ELEM MAT TYP REL ESY SEC        NODES
 
    1201   1   1   1   0   1    144   143   154   154
    1202   1   1   1   0   1    145   144   155   155
    1203   1   1   1   0   1    146   145   156   156
    1204   1   1   1   0   1    147   146   157   157
    1205   1   1   1   0   1    148   147   158   158
    1206   1   1   1   0   1    149   148   159   159
    1207   1   1   1   0   1     65   149   160   160
    1208   1   1   1   0   1    270   263   731   731
    1209   1   1   1   0   1    253   271   730   730
    1210   1   1   1   0   1    261   262   729   729
    1211   1   1   1   0   1    262   254   189   189
    1212   1   1   1   0   1    365   366   728   728
    1213   1   1   1   0   1    366   367   727   727
    1214   1   1   1   0   1    367   368   726   726
    1215   1   1   1   0   1    368   361   725   725
    1216   1   1   1   0   1    373   374   724   724
    1217   1   1   1   0   1    374   375   723   723
    1218   1   1   1   0   1    375   376   722   722
    1219   1   1   1   0   1    376   369   721   721
    1220   1   1   1   0   1    381   377   720   720
 
    ELEM MAT TYP REL ESY SEC        NODES
 
    1221   1   1   1   0   1    382   381   719   719
    1222   1   1   1   0   1    383   382   718   718
    1223   1   1   1   0   1    384   383   717   717
    1224   1   1   1   0   1    356   384   712   712
    1225   1   1   1   0   1      1     3   716   716
    1226   1   1   1   0   1      3     4   715   715
    1227   1   1   1   0   1      4     5   715   715
    1228   1   1   1   0   1      5     6   714   714
    1229   1   1   1   0   1      6     7   713   713
    1230   1   1   1   0   1      7     2   712   712
    1231   1   1   1   0   1      9     1   711   711
    1232   1   1   1   0   1     10     9   711   711
    1233   1   1   1   0   1     11    10   710   710
    1234   1   1   1   0   1      8    11   710   710
    1235   1   1   1   0   1    306   303   709   709
    1236   1   1   1   0   1    307   306   708   708
    1237   1   1   1   0   1    308   307   707   707
    1238   1   1   1   0   1    309   308   706   706
    1239   1   1   1   0   1    310   309   705   705
    1240   1   1   1   0   1    311   310   600   600
 
    ELEM MAT TYP REL ESY SEC        NODES
 
    1241   1   1   1   0   1    305   311   704   704
    1242   1   1   1   0   1    242   240   125   125
    1243   1   1   1   0   1    243   242   124   124
    1244   1   1   1   0   1    241   243   123   123
    1245   1   1   1   0   1    249   244   177   177
    1246   1   1   1   0   1    250   249   178   178
    1247   1   1   1   0   1    248   250   179   179
    1248   1   1   1   0   1    535   532   703   703
    1249   1   1   1   0   1    536   535   702   702
    1250   1   1   1   0   1    537   536   701   701
    1251   1   1   1   0   1    538   537   700   700
    1252   1   1   1   0   1    539   538   699   699
    1253   1   1   1   0   1    540   539   698   698
    1254   1   1   1   0   1    541   540   697   697
    1255   1   1   1   0   1    534   541   696   696
    1256   1   1   1   0   1    543   534   695   695
    1257   1   1   1   0   1    544   543   694   694
    1258   1   1   1   0   1    545   544   693   693
    1259   1   1   1   0   1    542   545   692   692
    1260   1   1   1   0   1    570   556   691   691
 
    ELEM MAT TYP REL ESY SEC        NODES
 
    1261   1   1   1   0   1    571   570   690   690
    1262   1   1   1   0   1    572   571   689   689
    1263   1   1   1   0   1    573   572   688   688
    1264   1   1   1   0   1    574   573   687   687
    1265   1   1   1   0   1    575   574   686   686
    1266   1   1   1   0   1    576   575   685   685
    1267   1   1   1   0   1    507   576   684   684
    1268   1   1   1   0   1    509   507   683   683
    1269   1   1   1   0   1    510   509   682   682
    1270   1   1   1   0   1    508   510   681   681
    1271   1   1   1   0   1    533   522   680   680
    1272   1   1   1   0   1    532   533   679   679
    1273   1   1   1   0   1    411   412   678   678
    1274   1   1   1   0   1    412   413   677   677
    1275   1   1   1   0   1    413   414   676   676
    1276   1   1   1   0   1    414   415   675   675
    1277   1   1   1   0   1    415   416   674   674
    1278   1   1   1   0   1    416   417   673   673
    1279   1   1   1   0   1    417   399   672   672
    1280   1   1   1   0   1    419   411   671   671
 
    ELEM MAT TYP REL ESY SEC        NODES
 
    1281   1   1   1   0   1    420   419   670   670
    1282   1   1   1   0   1    418   420   669   669
    1283   1   1   1   0   1    442   430   668   668
    1284   1   1   1   0   1    443   442   667   667
    1285   1   1   1   0   1    444   443   666   666
    1286   1   1   1   0   1    445   444   665   665
    1287   1   1   1   0   1    446   445   664   664
    1288   1   1   1   0   1    447   446   663   663
    1289   1   1   1   0   1    385   447   662   662
    1290   1   1   1   0   1    387   385   661   661
    1291   1   1   1   0   1    388   387   660   660
    1292   1   1   1   0   1    389   388   659   659
    1293   1   1   1   0   1    386   389   658   658
    1294   1   1   1   0   1    272   300   173   173
    1295   1   1   1   0   1    300   301   173   173
    1296   1   1   1   0   1    301   302   172   172
    1297   1   1   1   0   1    278   273   119   119
    1298   1   1   1   0   1    279   278   118   118
    1299   1   1   1   0   1    280   279   118   118
    1300   1   1   1   0   1    281   280   117   117
 
    ELEM MAT TYP REL ESY SEC        NODES
 
    1301   1   1   1   0   1    282   281   116   116
    1302   1   1   1   0   1    283   282   115   115
    1303   1   1   1   0   1    284   283   114   114
    1304   1   1   1   0   1    285   284   113   113
    1305   1   1   1   0   1    286   285   112   112
    1306   1   1   1   0   1    287   286   111   111
    1307   1   1   1   0   1    277   287   110   110
    1308   1   1   1   0   1    464   449   657   657
    1309   1   1   1   0   1    465   464   656   656
    1310   1   1   1   0   1    466   465   655   655
    1311   1   1   1   0   1    463   466   654   654
    1312   1   1   1   0   1    332   325   618   618
    1313   1   1   1   0   1    333   332   617   617
    1314   1   1   1   0   1    334   333   653   653
    1315   1   1   1   0   1    335   334   652   652
    1316   1   1   1   0   1    331   335   651   651
    1317   1   1   1   0   1    485   472   650   650
    1318   1   1   1   0   1    486   485   649   649
    1319   1   1   1   0   1    487   486   648   648
    1320   1   1   1   0   1    488   487   647   647
 
    ELEM MAT TYP REL ESY SEC        NODES
 
    1321   1   1   1   0   1    489   488   646   646
    1322   1   1   1   0   1    490   489   645   645
    1323   1   1   1   0   1    491   490   644   644
    1324   1   1   1   0   1    492   491   643   643
    1325   1   1   1   0   1    484   492   642   642
    1326   1   1   1   0   1    494   484   641   641
    1327   1   1   1   0   1    495   494   640   640
    1328   1   1   1   0   1    496   495   639   639
    1329   1   1   1   0   1    493   496   638   638
    1330   1   1   1   0   1    450   448   637   637
    1331   1   1   1   0   1    451   450   636   636
    1332   1   1   1   0   1    452   451   635   635
    1333   1   1   1   0   1    453   452   634   634
    1334   1   1   1   0   1    454   453   633   633
    1335   1   1   1   0   1    455   454   632   632
    1336   1   1   1   0   1    456   455   631   631
    1337   1   1   1   0   1    457   456   630   630
    1338   1   1   1   0   1    458   457   629   629
    1339   1   1   1   0   1    459   458   628   628
    1340   1   1   1   0   1    460   459   627   627
 
    ELEM MAT TYP REL ESY SEC        NODES
 
    1341   1   1   1   0   1    461   460   626   626
    1342   1   1   1   0   1    462   461   625   625
    1343   1   1   1   0   1    449   462   624   624
    1344   1   1   1   0   1    152   153   142   142
    1345   1   1   1   0   1    153   154   143   143
    1346   1   1   1   0   1    154   155   144   144
    1347   1   1   1   0   1    155   156   145   145
    1348   1   1   1   0   1    156   157   146   146
    1349   1   1   1   0   1    157   158   147   147
    1350   1   1   1   0   1    158   159   148   148
    1351   1   1   1   0   1    159   160   149   149
    1352   1   1   1   0   1    160   150    65    65
    1353   1   1   1   0   1      2   231   623   623
    1354   1   1   1   0   1    231   232   622   622
    1355   1   1   1   0   1    232   233   621   621
    1356   1   1   1   0   1    233   234   620   620
    1357   1   1   1   0   1    234   235   619   619
    1358   1   1   1   0   1    235   236   618   618
    1359   1   1   1   0   1    236   237   617   617
    1360   1   1   1   0   1    237   238   616   616
 
    ELEM MAT TYP REL ESY SEC        NODES
 
    1361   1   1   1   0   1    238   239   615   615
    1362   1   1   1   0   1    239   195   614   614
    1363   1   1   1   0   1     25    12   613   613
    1364   1   1   1   0   1     26    25   612   612
    1365   1   1   1   0   1     27    26   611   611
    1366   1   1   1   0   1     28    27   610   610
    1367   1   1   1   0   1     29    28   609   609
    1368   1   1   1   0   1     30    29   608   608
    1369   1   1   1   0   1     31    30   607   607
    1370   1   1   1   0   1     32    31   606   606
    1371   1   1   1   0   1     33    32   605   605
    1372   1   1   1   0   1     34    33   604   604
    1373   1   1   1   0   1     35    34   603   603
    1374   1   1   1   0   1     36    35   602   602
    1375   1   1   1   0   1     37    36   601   601
    1376   1   1   1   0   1     38    37   600   600
    1377   1   1   1   0   1     39    38   599   599
    1378   1   1   1   0   1     40    39   598   598
    1379   1   1   1   0   1     41    40   597   597
    1380   1   1   1   0   1     42    41   596   596
 
    ELEM MAT TYP REL ESY SEC        NODES
 
    1381   1   1   1   0   1     43    42   595   595
    1382   1   1   1   0   1     44    43   594   594
    1383   1   1   1   0   1     45    44   593   593
    1384   1   1   1   0   1     46    45   592   592
    1385   1   1   1   0   1     47    46   591   591
    1386   1   1   1   0   1     48    47   590   590
    1387   1   1   1   0   1     24    48   589   589
    1388   1   1   1   0   1    255   253   182   182
    1389   1   1   1   0   1    256   255   183   183
    1390   1   1   1   0   1    257   256   184   184
    1391   1   1   1   0   1    258   257   185   185
    1392   1   1   1   0   1    259   258   186   186
    1393   1   1   1   0   1    260   259   186   186
    1394   1   1   1   0   1    254   260   187   187
    1395   1   1   1   0   1    263   264   128   128
    1396   1   1   1   0   1    264   265   129   129
    1397   1   1   1   0   1    265   266   130   130
    1398   1   1   1   0   1    266   267   131   131
    1399   1   1   1   0   1    267   268   132   132
    1400   1   1   1   0   1    268   269   133   133
 
    ELEM MAT TYP REL ESY SEC        NODES
 
    1401   1   1   1   0   1    269   261   134   134
    1402   1   1   1   0   1    369   370   588   588
    1403   1   1   1   0   1    370   371   587   587
    1404   1   1   1   0   1    371   372   586   586
    1405   1   1   1   0   1    372   365   585   585
    1406   1   1   1   0   1    377   378   584   584
    1407   1   1   1   0   1    378   379   583   583
    1408   1   1   1   0   1    379   380   582   582
    1409   1   1   1   0   1    380   373   581   581
    1410   1   1   1   0   1    358   356   580   580
    1411   1   1   1   0   1    359   358   580   580
    1412   1   1   1   0   1    360   359   579   579
    1413   1   1   1   0   1    357   360   578   578
    1414   1   1   1   0   1    303   304   577   577

