
 LIST ALL SELECTED NODES.   DSYS=      0

    NODE        X             Y             Z           THXY     THYZ     THZX
        1   39.802        43.103        0.0000          0.00     0.00     0.00
        2   93.205        50.559        0.0000          0.00     0.00     0.00
        3   48.346        39.003        0.0000          0.00     0.00     0.00
        4   57.748        38.015        0.0000          0.00     0.00     0.00
        5   67.148        39.308        0.0000          0.00     0.00     0.00
        6   76.218        42.110        0.0000          0.00     0.00     0.00
        7   84.910        45.933        0.0000          0.00     0.00     0.00
        8   27.539        69.880        0.0000          0.00     0.00     0.00
        9   34.601        48.614        0.0000          0.00     0.00     0.00
       10   30.657        55.113        0.0000          0.00     0.00     0.00
       11   28.312        62.317        0.0000          0.00     0.00     0.00
       12   46.035        181.13        0.0000          0.00     0.00     0.00
       13   42.923        172.19        0.0000          0.00     0.00     0.00
       14   40.014        163.19        0.0000          0.00     0.00     0.00
       15   37.444        154.08        0.0000          0.00     0.00     0.00
       16   35.160        144.90        0.0000          0.00     0.00     0.00
       17   33.154        135.66        0.0000          0.00     0.00     0.00
       18   31.419        126.35        0.0000          0.00     0.00     0.00
       19   29.948        117.01        0.0000          0.00     0.00     0.00
       20   28.735        107.62        0.0000          0.00     0.00     0.00

    NODE        X             Y             Z           THXY     THYZ     THZX
       21   27.771        98.211        0.0000          0.00     0.00     0.00
       22   27.073        88.776        0.0000          0.00     0.00     0.00
       23   26.906        79.317        0.0000          0.00     0.00     0.00
       24   222.23        323.90        0.0000          0.00     0.00     0.00
       25   49.550        190.06        0.0000          0.00     0.00     0.00
       26   53.382        198.87        0.0000          0.00     0.00     0.00
       27   57.535        207.53        0.0000          0.00     0.00     0.00
       28   62.012        216.02        0.0000          0.00     0.00     0.00
       29   66.816        224.34        0.0000          0.00     0.00     0.00
       30   71.946        232.45        0.0000          0.00     0.00     0.00
       31   77.402        240.35        0.0000          0.00     0.00     0.00
       32   83.184        248.02        0.0000          0.00     0.00     0.00
       33   89.288        255.43        0.0000          0.00     0.00     0.00
       34   95.709        262.57        0.0000          0.00     0.00     0.00
       35   102.44        269.42        0.0000          0.00     0.00     0.00
       36   109.48        275.96        0.0000          0.00     0.00     0.00
       37   116.81        282.16        0.0000          0.00     0.00     0.00
       38   124.42        288.01        0.0000          0.00     0.00     0.00
       39   132.31        293.49        0.0000          0.00     0.00     0.00
       40   140.45        298.58        0.0000          0.00     0.00     0.00

    NODE        X             Y             Z           THXY     THYZ     THZX
       41   148.83        303.26        0.0000          0.00     0.00     0.00
       42   157.44        307.50        0.0000          0.00     0.00     0.00
       43   166.26        311.31        0.0000          0.00     0.00     0.00
       44   175.26        314.65        0.0000          0.00     0.00     0.00
       45   184.43        317.51        0.0000          0.00     0.00     0.00
       46   193.73        319.88        0.0000          0.00     0.00     0.00
       47   203.15        321.74        0.0000          0.00     0.00     0.00
       48   212.66        323.08        0.0000          0.00     0.00     0.00
       49   362.55        271.30        0.0000          0.00     0.00     0.00
       50   231.83        324.15        0.0000          0.00     0.00     0.00
       51   241.44        323.94        0.0000          0.00     0.00     0.00
       52   251.02        323.16        0.0000          0.00     0.00     0.00
       53   260.54        321.85        0.0000          0.00     0.00     0.00
       54   269.97        320.03        0.0000          0.00     0.00     0.00
       55   279.29        317.70        0.0000          0.00     0.00     0.00
       56   288.48        314.88        0.0000          0.00     0.00     0.00
       57   297.51        311.59        0.0000          0.00     0.00     0.00
       58   306.36        307.86        0.0000          0.00     0.00     0.00
       59   315.03        303.70        0.0000          0.00     0.00     0.00
       60   323.49        299.15        0.0000          0.00     0.00     0.00

    NODE        X             Y             Z           THXY     THYZ     THZX
       61   331.74        294.22        0.0000          0.00     0.00     0.00
       62   339.77        288.95        0.0000          0.00     0.00     0.00
       63   347.59        283.36        0.0000          0.00     0.00     0.00
       64   355.18        277.47        0.0000          0.00     0.00     0.00
       65   668.88       -508.99        0.0000          0.00     0.00     0.00
       66   369.91        264.56        0.0000          0.00     0.00     0.00
       67   377.19        257.73        0.0000          0.00     0.00     0.00
       68   384.16        250.60        0.0000          0.00     0.00     0.00
       69   390.93        243.27        0.0000          0.00     0.00     0.00
       70   397.49        235.75        0.0000          0.00     0.00     0.00
       71   403.85        228.06        0.0000          0.00     0.00     0.00
       72   410.02        220.22        0.0000          0.00     0.00     0.00
       73   416.00        212.24        0.0000          0.00     0.00     0.00
       74   421.81        204.13        0.0000          0.00     0.00     0.00
       75   427.46        195.90        0.0000          0.00     0.00     0.00
       76   432.95        187.57        0.0000          0.00     0.00     0.00
       77   438.29        179.14        0.0000          0.00     0.00     0.00
       78   443.49        170.62        0.0000          0.00     0.00     0.00
       79   448.55        162.02        0.0000          0.00     0.00     0.00
       80   453.49        153.35        0.0000          0.00     0.00     0.00

    NODE        X             Y             Z           THXY     THYZ     THZX
       81   458.31        144.62        0.0000          0.00     0.00     0.00
       82   463.01        135.82        0.0000          0.00     0.00     0.00
       83   467.61        126.96        0.0000          0.00     0.00     0.00
       84   472.10        118.05        0.0000          0.00     0.00     0.00
       85   476.50        109.10        0.0000          0.00     0.00     0.00
       86   480.81        100.09        0.0000          0.00     0.00     0.00
       87   485.03        91.052        0.0000          0.00     0.00     0.00
       88   489.16        81.971        0.0000          0.00     0.00     0.00
       89   493.22        72.855        0.0000          0.00     0.00     0.00
       90   497.20        63.707        0.0000          0.00     0.00     0.00
       91   501.12        54.529        0.0000          0.00     0.00     0.00
       92   504.97        45.323        0.0000          0.00     0.00     0.00
       93   508.75        36.091        0.0000          0.00     0.00     0.00
       94   512.48        26.836        0.0000          0.00     0.00     0.00
       95   516.15        17.558        0.0000          0.00     0.00     0.00
       96   519.77        8.2581        0.0000          0.00     0.00     0.00
       97   523.33       -1.0615        0.0000          0.00     0.00     0.00
       98   526.85       -10.400        0.0000          0.00     0.00     0.00
       99   530.32       -19.756        0.0000          0.00     0.00     0.00
      100   533.74       -29.128        0.0000          0.00     0.00     0.00

    NODE        X             Y             Z           THXY     THYZ     THZX
      101   537.12       -38.516        0.0000          0.00     0.00     0.00
      102   540.46       -47.918        0.0000          0.00     0.00     0.00
      103   543.76       -57.335        0.0000          0.00     0.00     0.00
      104   547.02       -66.764        0.0000          0.00     0.00     0.00
      105   550.25       -76.207        0.0000          0.00     0.00     0.00
      106   553.44       -85.661        0.0000          0.00     0.00     0.00
      107   556.60       -95.127        0.0000          0.00     0.00     0.00
      108   559.72       -104.60        0.0000          0.00     0.00     0.00
      109   562.81       -114.09        0.0000          0.00     0.00     0.00
      110   565.87       -123.59        0.0000          0.00     0.00     0.00
      111   568.90       -133.09        0.0000          0.00     0.00     0.00
      112   571.90       -142.61        0.0000          0.00     0.00     0.00
      113   574.87       -152.14        0.0000          0.00     0.00     0.00
      114   577.82       -161.67        0.0000          0.00     0.00     0.00
      115   580.74       -171.21        0.0000          0.00     0.00     0.00
      116   583.62       -180.76        0.0000          0.00     0.00     0.00
      117   586.49       -190.32        0.0000          0.00     0.00     0.00
      118   589.32       -199.89        0.0000          0.00     0.00     0.00
      119   592.13       -209.46        0.0000          0.00     0.00     0.00
      120   594.92       -219.04        0.0000          0.00     0.00     0.00

    NODE        X             Y             Z           THXY     THYZ     THZX
      121   597.69       -228.63        0.0000          0.00     0.00     0.00
      122   600.42       -238.22        0.0000          0.00     0.00     0.00
      123   603.12       -247.83        0.0000          0.00     0.00     0.00
      124   605.79       -257.45        0.0000          0.00     0.00     0.00
      125   608.48       -267.05        0.0000          0.00     0.00     0.00
      126   611.24       -276.64        0.0000          0.00     0.00     0.00
      127   614.02       -286.23        0.0000          0.00     0.00     0.00
      128   616.75       -295.82        0.0000          0.00     0.00     0.00
      129   619.46       -305.43        0.0000          0.00     0.00     0.00
      130   622.14       -315.04        0.0000          0.00     0.00     0.00
      131   624.80       -324.66        0.0000          0.00     0.00     0.00
      132   627.43       -334.28        0.0000          0.00     0.00     0.00
      133   630.04       -343.91        0.0000          0.00     0.00     0.00
      134   632.61       -353.55        0.0000          0.00     0.00     0.00
      135   635.16       -363.20        0.0000          0.00     0.00     0.00
      136   637.68       -372.85        0.0000          0.00     0.00     0.00
      137   640.17       -382.52        0.0000          0.00     0.00     0.00
      138   642.63       -392.19        0.0000          0.00     0.00     0.00
      139   645.06       -401.87        0.0000          0.00     0.00     0.00
      140   647.45       -411.55        0.0000          0.00     0.00     0.00

    NODE        X             Y             Z           THXY     THYZ     THZX
      141   649.80       -421.25        0.0000          0.00     0.00     0.00
      142   652.12       -430.95        0.0000          0.00     0.00     0.00
      143   654.39       -440.67        0.0000          0.00     0.00     0.00
      144   656.62       -450.39        0.0000          0.00     0.00     0.00
      145   658.81       -460.13        0.0000          0.00     0.00     0.00
      146   660.95       -469.88        0.0000          0.00     0.00     0.00
      147   663.03       -479.64        0.0000          0.00     0.00     0.00
      148   665.05       -489.41        0.0000          0.00     0.00     0.00
      149   667.00       -499.19        0.0000          0.00     0.00     0.00
      150   659.12       -511.24        0.0000          0.00     0.00     0.00
      151   665.10       -514.76        0.0000          0.00     0.00     0.00
      152   640.70       -426.26        0.0000          0.00     0.00     0.00
      153   642.94       -435.66        0.0000          0.00     0.00     0.00
      154   645.14       -445.07        0.0000          0.00     0.00     0.00
      155   647.29       -454.49        0.0000          0.00     0.00     0.00
      156   649.41       -463.92        0.0000          0.00     0.00     0.00
      157   651.47       -473.36        0.0000          0.00     0.00     0.00
      158   653.47       -482.81        0.0000          0.00     0.00     0.00
      159   655.42       -492.27        0.0000          0.00     0.00     0.00
      160   657.31       -501.75        0.0000          0.00     0.00     0.00

    NODE        X             Y             Z           THXY     THYZ     THZX
      161   625.80       -431.68        0.0000          0.00     0.00     0.00
      162   633.25       -428.97        0.0000          0.00     0.00     0.00
      163   476.29       -150.99        0.0000          0.00     0.00     0.00
      164   482.05       -159.12        0.0000          0.00     0.00     0.00
      165   487.81       -167.25        0.0000          0.00     0.00     0.00
      166   493.46       -175.45        0.0000          0.00     0.00     0.00
      167   499.00       -183.73        0.0000          0.00     0.00     0.00
      168   504.45       -192.07        0.0000          0.00     0.00     0.00
      169   509.82       -200.46        0.0000          0.00     0.00     0.00
      170   515.11       -208.90        0.0000          0.00     0.00     0.00
      171   520.33       -217.39        0.0000          0.00     0.00     0.00
      172   525.46       -225.92        0.0000          0.00     0.00     0.00
      173   530.52       -234.50        0.0000          0.00     0.00     0.00
      174   535.51       -243.12        0.0000          0.00     0.00     0.00
      175   540.43       -251.78        0.0000          0.00     0.00     0.00
      176   545.30       -260.48        0.0000          0.00     0.00     0.00
      177   550.10       -269.21        0.0000          0.00     0.00     0.00
      178   554.82       -277.98        0.0000          0.00     0.00     0.00
      179   559.43       -286.80        0.0000          0.00     0.00     0.00
      180   563.93       -295.69        0.0000          0.00     0.00     0.00

    NODE        X             Y             Z           THXY     THYZ     THZX
      181   568.32       -304.64        0.0000          0.00     0.00     0.00
      182   572.66       -313.60        0.0000          0.00     0.00     0.00
      183   576.97       -322.58        0.0000          0.00     0.00     0.00
      184   581.23       -331.58        0.0000          0.00     0.00     0.00
      185   585.46       -340.61        0.0000          0.00     0.00     0.00
      186   589.64       -349.65        0.0000          0.00     0.00     0.00
      187   593.78       -358.71        0.0000          0.00     0.00     0.00
      188   597.89       -367.78        0.0000          0.00     0.00     0.00
      189   601.96       -376.87        0.0000          0.00     0.00     0.00
      190   606.00       -385.98        0.0000          0.00     0.00     0.00
      191   610.01       -395.10        0.0000          0.00     0.00     0.00
      192   613.99       -404.23        0.0000          0.00     0.00     0.00
      193   617.95       -413.37        0.0000          0.00     0.00     0.00
      194   621.88       -422.52        0.0000          0.00     0.00     0.00
      195   191.13        54.901        0.0000          0.00     0.00     0.00
      196   200.88        52.714        0.0000          0.00     0.00     0.00
      197   210.56        50.235        0.0000          0.00     0.00     0.00
      198   220.16        47.474        0.0000          0.00     0.00     0.00
      199   229.69        44.443        0.0000          0.00     0.00     0.00
      200   239.12        41.152        0.0000          0.00     0.00     0.00

    NODE        X             Y             Z           THXY     THYZ     THZX
      201   248.47        37.612        0.0000          0.00     0.00     0.00
      202   257.72        33.832        0.0000          0.00     0.00     0.00
      203   266.87        29.823        0.0000          0.00     0.00     0.00
      204   275.93        25.593        0.0000          0.00     0.00     0.00
      205   284.88        21.151        0.0000          0.00     0.00     0.00
      206   293.72        16.498        0.0000          0.00     0.00     0.00
      207   302.46        11.641        0.0000          0.00     0.00     0.00
      208   311.08        6.5866        0.0000          0.00     0.00     0.00
      209   319.58        1.3403        0.0000          0.00     0.00     0.00
      210   327.97       -4.0917        0.0000          0.00     0.00     0.00
      211   336.24       -9.7036        0.0000          0.00     0.00     0.00
      212   344.39       -15.490        0.0000          0.00     0.00     0.00
      213   352.41       -21.445        0.0000          0.00     0.00     0.00
      214   360.32       -27.563        0.0000          0.00     0.00     0.00
      215   368.09       -33.839        0.0000          0.00     0.00     0.00
      216   375.75       -40.265        0.0000          0.00     0.00     0.00
      217   383.28       -46.837        0.0000          0.00     0.00     0.00
      218   390.68       -53.547        0.0000          0.00     0.00     0.00
      219   397.96       -60.391        0.0000          0.00     0.00     0.00
      220   405.12       -67.362        0.0000          0.00     0.00     0.00

    NODE        X             Y             Z           THXY     THYZ     THZX
      221   412.16       -74.455        0.0000          0.00     0.00     0.00
      222   419.08       -81.665        0.0000          0.00     0.00     0.00
      223   425.89       -88.987        0.0000          0.00     0.00     0.00
      224   432.57       -96.416        0.0000          0.00     0.00     0.00
      225   439.14       -103.95        0.0000          0.00     0.00     0.00
      226   445.60       -111.57        0.0000          0.00     0.00     0.00
      227   451.95       -119.29        0.0000          0.00     0.00     0.00
      228   458.19       -127.10        0.0000          0.00     0.00     0.00
      229   464.32       -134.98        0.0000          0.00     0.00     0.00
      230   470.36       -142.95        0.0000          0.00     0.00     0.00
      231   102.30        54.641        0.0000          0.00     0.00     0.00
      232   111.88        57.420        0.0000          0.00     0.00     0.00
      233   121.70        59.185        0.0000          0.00     0.00     0.00
      234   131.64        60.144        0.0000          0.00     0.00     0.00
      235   141.61        60.437        0.0000          0.00     0.00     0.00
      236   151.59        60.189        0.0000          0.00     0.00     0.00
      237   161.55        59.467        0.0000          0.00     0.00     0.00
      238   171.46        58.314        0.0000          0.00     0.00     0.00
      239   181.32        56.777        0.0000          0.00     0.00     0.00
      240   596.31       -272.88        0.0000          0.00     0.00     0.00

    NODE        X             Y             Z           THXY     THYZ     THZX
      241   589.78       -250.63        0.0000          0.00     0.00     0.00
      242   594.11       -265.47        0.0000          0.00     0.00     0.00
      243   591.96       -258.05        0.0000          0.00     0.00     0.00
      244   561.33       -260.98        0.0000          0.00     0.00     0.00
      245   582.67       -253.22        0.0000          0.00     0.00     0.00
      246   575.55       -255.81        0.0000          0.00     0.00     0.00
      247   568.44       -258.40        0.0000          0.00     0.00     0.00
      248   571.76       -281.82        0.0000          0.00     0.00     0.00
      249   564.86       -267.90        0.0000          0.00     0.00     0.00
      250   568.33       -274.85        0.0000          0.00     0.00     0.00
      251   579.94       -278.84        0.0000          0.00     0.00     0.00
      252   588.13       -275.86        0.0000          0.00     0.00     0.00
      253   581.73       -303.26        0.0000          0.00     0.00     0.00
      254   607.02       -362.00        0.0000          0.00     0.00     0.00
      255   585.53       -311.57        0.0000          0.00     0.00     0.00
      256   589.29       -319.90        0.0000          0.00     0.00     0.00
      257   592.98       -328.26        0.0000          0.00     0.00     0.00
      258   596.58       -336.65        0.0000          0.00     0.00     0.00
      259   600.11       -345.08        0.0000          0.00     0.00     0.00
      260   603.58       -353.53        0.0000          0.00     0.00     0.00

    NODE        X             Y             Z           THXY     THYZ     THZX
      261   622.75       -362.03        0.0000          0.00     0.00     0.00
      262   614.36       -365.08        0.0000          0.00     0.00     0.00
      263   603.16       -295.46        0.0000          0.00     0.00     0.00
      264   605.92       -304.98        0.0000          0.00     0.00     0.00
      265   608.66       -314.51        0.0000          0.00     0.00     0.00
      266   611.43       -324.03        0.0000          0.00     0.00     0.00
      267   614.24       -333.53        0.0000          0.00     0.00     0.00
      268   617.07       -343.03        0.0000          0.00     0.00     0.00
      269   619.92       -352.53        0.0000          0.00     0.00     0.00
      270   596.02       -298.06        0.0000          0.00     0.00     0.00
      271   588.88       -300.66        0.0000          0.00     0.00     0.00
      272   547.27       -234.47        0.0000          0.00     0.00     0.00
      273   581.06       -222.18        0.0000          0.00     0.00     0.00
      274   555.72       -231.40        0.0000          0.00     0.00     0.00
      275   564.17       -228.32        0.0000          0.00     0.00     0.00
      276   572.61       -225.25        0.0000          0.00     0.00     0.00
      277   548.54       -122.59        0.0000          0.00     0.00     0.00
      278   578.23       -213.08        0.0000          0.00     0.00     0.00
      279   575.37       -204.00        0.0000          0.00     0.00     0.00
      280   572.49       -194.92        0.0000          0.00     0.00     0.00

    NODE        X             Y             Z           THXY     THYZ     THZX
      281   569.58       -185.85        0.0000          0.00     0.00     0.00
      282   566.65       -176.79        0.0000          0.00     0.00     0.00
      283   563.70       -167.74        0.0000          0.00     0.00     0.00
      284   560.72       -158.69        0.0000          0.00     0.00     0.00
      285   557.71       -149.65        0.0000          0.00     0.00     0.00
      286   554.68       -140.62        0.0000          0.00     0.00     0.00
      287   551.63       -131.60        0.0000          0.00     0.00     0.00
      288   529.13       -130.31        0.0000          0.00     0.00     0.00
      289   530.16       -122.40        0.0000          0.00     0.00     0.00
      290   535.52       -116.76        0.0000          0.00     0.00     0.00
      291   543.30       -116.85        0.0000          0.00     0.00     0.00
      292   533.04       -205.69        0.0000          0.00     0.00     0.00
      293   532.54       -196.27        0.0000          0.00     0.00     0.00
      294   532.05       -186.85        0.0000          0.00     0.00     0.00
      295   531.55       -177.42        0.0000          0.00     0.00     0.00
      296   531.06       -168.00        0.0000          0.00     0.00     0.00
      297   530.57       -158.58        0.0000          0.00     0.00     0.00
      298   530.07       -149.16        0.0000          0.00     0.00     0.00
      299   529.58       -139.74        0.0000          0.00     0.00     0.00
      300   543.40       -227.39        0.0000          0.00     0.00     0.00

    NODE        X             Y             Z           THXY     THYZ     THZX
      301   539.47       -220.33        0.0000          0.00     0.00     0.00
      302   535.50       -213.29        0.0000          0.00     0.00     0.00
      303   182.46        282.79        0.0000          0.00     0.00     0.00
      304   186.07        278.94        0.0000          0.00     0.00     0.00
      305   131.35        255.12        0.0000          0.00     0.00     0.00
      306   173.94        285.77        0.0000          0.00     0.00     0.00
      307   165.19        283.42        0.0000          0.00     0.00     0.00
      308   157.05        279.19        0.0000          0.00     0.00     0.00
      309   149.16        274.52        0.0000          0.00     0.00     0.00
      310   141.54        269.43        0.0000          0.00     0.00     0.00
      311   134.52        263.58        0.0000          0.00     0.00     0.00
      312   124.71        132.30        0.0000          0.00     0.00     0.00
      313   130.86        245.67        0.0000          0.00     0.00     0.00
      314   130.36        236.22        0.0000          0.00     0.00     0.00
      315   129.87        226.77        0.0000          0.00     0.00     0.00
      316   129.37        217.33        0.0000          0.00     0.00     0.00
      317   128.88        207.88        0.0000          0.00     0.00     0.00
      318   128.38        198.43        0.0000          0.00     0.00     0.00
      319   127.89        188.98        0.0000          0.00     0.00     0.00
      320   127.39        179.53        0.0000          0.00     0.00     0.00

    NODE        X             Y             Z           THXY     THYZ     THZX
      321   126.90        170.08        0.0000          0.00     0.00     0.00
      322   126.40        160.63        0.0000          0.00     0.00     0.00
      323   125.90        151.18        0.0000          0.00     0.00     0.00
      324   125.41        141.73        0.0000          0.00     0.00     0.00
      325   144.20        85.585        0.0000          0.00     0.00     0.00
      326   125.29        123.10        0.0000          0.00     0.00     0.00
      327   127.15        114.01        0.0000          0.00     0.00     0.00
      328   128.44        104.83        0.0000          0.00     0.00     0.00
      329   130.05        95.714        0.0000          0.00     0.00     0.00
      330   135.52        88.406        0.0000          0.00     0.00     0.00
      331   184.78        88.141        0.0000          0.00     0.00     0.00
      332   152.61        85.411        0.0000          0.00     0.00     0.00
      333   161.00        84.933        0.0000          0.00     0.00     0.00
      334   169.37        84.174        0.0000          0.00     0.00     0.00
      335   177.72        84.124        0.0000          0.00     0.00     0.00
      336   193.38        178.27        0.0000          0.00     0.00     0.00
      337   192.90        169.14        0.0000          0.00     0.00     0.00
      338   192.43        160.01        0.0000          0.00     0.00     0.00
      339   191.95        150.88        0.0000          0.00     0.00     0.00
      340   191.47        141.75        0.0000          0.00     0.00     0.00

    NODE        X             Y             Z           THXY     THYZ     THZX
      341   190.99        132.63        0.0000          0.00     0.00     0.00
      342   190.51        123.50        0.0000          0.00     0.00     0.00
      343   190.03        114.37        0.0000          0.00     0.00     0.00
      344   189.55        105.24        0.0000          0.00     0.00     0.00
      345   188.94        96.128        0.0000          0.00     0.00     0.00
      346   192.90        187.46        0.0000          0.00     0.00     0.00
      347   192.42        196.65        0.0000          0.00     0.00     0.00
      348   191.94        205.85        0.0000          0.00     0.00     0.00
      349   191.46        215.04        0.0000          0.00     0.00     0.00
      350   190.97        224.24        0.0000          0.00     0.00     0.00
      351   190.49        233.43        0.0000          0.00     0.00     0.00
      352   190.01        242.62        0.0000          0.00     0.00     0.00
      353   189.53        251.82        0.0000          0.00     0.00     0.00
      354   189.05        261.01        0.0000          0.00     0.00     0.00
      355   188.56        270.20        0.0000          0.00     0.00     0.00
      356   81.390        71.950        0.0000          0.00     0.00     0.00
      357   103.38        91.869        0.0000          0.00     0.00     0.00
      358   88.533        75.533        0.0000          0.00     0.00     0.00
      359   95.935        78.537        0.0000          0.00     0.00     0.00
      360   101.36        84.229        0.0000          0.00     0.00     0.00

    NODE        X             Y             Z           THXY     THYZ     THZX
      361   99.819        125.26        0.0000          0.00     0.00     0.00
      362   103.38        100.33        0.0000          0.00     0.00     0.00
      363   103.46        108.79        0.0000          0.00     0.00     0.00
      364   102.11        117.12        0.0000          0.00     0.00     0.00
      365   93.133        156.71        0.0000          0.00     0.00     0.00
      366   94.805        148.85        0.0000          0.00     0.00     0.00
      367   96.476        140.99        0.0000          0.00     0.00     0.00
      368   98.148        133.12        0.0000          0.00     0.00     0.00
      369   64.175        158.14        0.0000          0.00     0.00     0.00
      370   69.912        165.93        0.0000          0.00     0.00     0.00
      371   79.205        168.60        0.0000          0.00     0.00     0.00
      372   88.191        165.02        0.0000          0.00     0.00     0.00
      373   56.242        127.14        0.0000          0.00     0.00     0.00
      374   57.945        134.96        0.0000          0.00     0.00     0.00
      375   59.769        142.75        0.0000          0.00     0.00     0.00
      376   61.859        150.48        0.0000          0.00     0.00     0.00
      377   51.276        91.091        0.0000          0.00     0.00     0.00
      378   52.136        100.15        0.0000          0.00     0.00     0.00
      379   53.246        109.18        0.0000          0.00     0.00     0.00
      380   54.613        118.18        0.0000          0.00     0.00     0.00

    NODE        X             Y             Z           THXY     THYZ     THZX
      381   52.414        82.476        0.0000          0.00     0.00     0.00
      382   57.133        75.178        0.0000          0.00     0.00     0.00
      383   64.473        70.524        0.0000          0.00     0.00     0.00
      384   73.090        69.384        0.0000          0.00     0.00     0.00
      385   363.77        238.29        0.0000          0.00     0.00     0.00
      386   338.26        228.38        0.0000          0.00     0.00     0.00
      387   356.28        242.30        0.0000          0.00     0.00     0.00
      388   347.81        241.60        0.0000          0.00     0.00     0.00
      389   341.08        236.40        0.0000          0.00     0.00     0.00
      390   333.73        141.90        0.0000          0.00     0.00     0.00
      391   337.76        218.77        0.0000          0.00     0.00     0.00
      392   337.25        209.16        0.0000          0.00     0.00     0.00
      393   336.75        199.55        0.0000          0.00     0.00     0.00
      394   336.24        189.94        0.0000          0.00     0.00     0.00
      395   335.74        180.33        0.0000          0.00     0.00     0.00
      396   335.24        170.73        0.0000          0.00     0.00     0.00
      397   334.73        161.12        0.0000          0.00     0.00     0.00
      398   334.23        151.51        0.0000          0.00     0.00     0.00
      399   340.00        22.175        0.0000          0.00     0.00     0.00
      400   334.25        131.92        0.0000          0.00     0.00     0.00

    NODE        X             Y             Z           THXY     THYZ     THZX
      401   334.77        121.94        0.0000          0.00     0.00     0.00
      402   335.30        111.97        0.0000          0.00     0.00     0.00
      403   335.82        101.99        0.0000          0.00     0.00     0.00
      404   336.34        92.014        0.0000          0.00     0.00     0.00
      405   336.86        82.037        0.0000          0.00     0.00     0.00
      406   337.39        72.060        0.0000          0.00     0.00     0.00
      407   337.91        62.083        0.0000          0.00     0.00     0.00
      408   338.43        52.106        0.0000          0.00     0.00     0.00
      409   338.96        42.129        0.0000          0.00     0.00     0.00
      410   339.48        32.152        0.0000          0.00     0.00     0.00
      411   390.79       -21.439        0.0000          0.00     0.00     0.00
      412   381.93       -17.859        0.0000          0.00     0.00     0.00
      413   374.46       -11.409        0.0000          0.00     0.00     0.00
      414   366.84       -5.1202        0.0000          0.00     0.00     0.00
      415   359.11        1.0216        0.0000          0.00     0.00     0.00
      416   351.25        7.0118        0.0000          0.00     0.00     0.00
      417   343.54        13.133        0.0000          0.00     0.00     0.00
      418   406.67       -7.0341        0.0000          0.00     0.00     0.00
      419   398.47       -19.800        0.0000          0.00     0.00     0.00
      420   404.27       -14.516        0.0000          0.00     0.00     0.00

    NODE        X             Y             Z           THXY     THYZ     THZX
      421   410.87        73.047        0.0000          0.00     0.00     0.00
      422   407.14        1.8638        0.0000          0.00     0.00     0.00
      423   407.60        10.762        0.0000          0.00     0.00     0.00
      424   408.07        19.660        0.0000          0.00     0.00     0.00
      425   408.54        28.557        0.0000          0.00     0.00     0.00
      426   409.00        37.455        0.0000          0.00     0.00     0.00
      427   409.47        46.353        0.0000          0.00     0.00     0.00
      428   409.93        55.251        0.0000          0.00     0.00     0.00
      429   410.40        64.149        0.0000          0.00     0.00     0.00
      430   405.00        185.03        0.0000          0.00     0.00     0.00
      431   410.38        82.379        0.0000          0.00     0.00     0.00
      432   409.89        91.711        0.0000          0.00     0.00     0.00
      433   409.40        101.04        0.0000          0.00     0.00     0.00
      434   408.91        110.38        0.0000          0.00     0.00     0.00
      435   408.42        119.71        0.0000          0.00     0.00     0.00
      436   407.93        129.04        0.0000          0.00     0.00     0.00
      437   407.44        138.37        0.0000          0.00     0.00     0.00
      438   406.95        147.70        0.0000          0.00     0.00     0.00
      439   406.47        157.04        0.0000          0.00     0.00     0.00
      440   405.98        166.37        0.0000          0.00     0.00     0.00

    NODE        X             Y             Z           THXY     THYZ     THZX
      441   405.49        175.70        0.0000          0.00     0.00     0.00
      442   401.52        193.94        0.0000          0.00     0.00     0.00
      443   395.71        201.72        0.0000          0.00     0.00     0.00
      444   389.72        209.37        0.0000          0.00     0.00     0.00
      445   383.54        216.87        0.0000          0.00     0.00     0.00
      446   377.16        224.20        0.0000          0.00     0.00     0.00
      447   370.57        231.35        0.0000          0.00     0.00     0.00
      448   509.73       -20.768        0.0000          0.00     0.00     0.00
      449   456.75        101.40        0.0000          0.00     0.00     0.00
      450   507.49       -11.562        0.0000          0.00     0.00     0.00
      451   503.92       -2.7238        0.0000          0.00     0.00     0.00
      452   500.31        6.0948        0.0000          0.00     0.00     0.00
      453   496.65        14.893        0.0000          0.00     0.00     0.00
      454   492.94        23.670        0.0000          0.00     0.00     0.00
      455   489.18        32.423        0.0000          0.00     0.00     0.00
      456   485.35        41.152        0.0000          0.00     0.00     0.00
      457   481.47        49.855        0.0000          0.00     0.00     0.00
      458   477.53        58.530        0.0000          0.00     0.00     0.00
      459   473.52        67.175        0.0000          0.00     0.00     0.00
      460   469.44        75.787        0.0000          0.00     0.00     0.00

    NODE        X             Y             Z           THXY     THYZ     THZX
      461   465.29        84.364        0.0000          0.00     0.00     0.00
      462   461.06        92.902        0.0000          0.00     0.00     0.00
      463   428.42        95.355        0.0000          0.00     0.00     0.00
      464   449.83        108.12        0.0000          0.00     0.00     0.00
      465   440.26        109.25        0.0000          0.00     0.00     0.00
      466   431.98        104.31        0.0000          0.00     0.00     0.00
      467   426.24        53.841        0.0000          0.00     0.00     0.00
      468   427.98        87.052        0.0000          0.00     0.00     0.00
      469   427.55        78.749        0.0000          0.00     0.00     0.00
      470   427.11        70.446        0.0000          0.00     0.00     0.00
      471   426.68        62.144        0.0000          0.00     0.00     0.00
      472   432.33       -62.329        0.0000          0.00     0.00     0.00
      473   426.75        44.160        0.0000          0.00     0.00     0.00
      474   427.26        34.479        0.0000          0.00     0.00     0.00
      475   427.77        24.798        0.0000          0.00     0.00     0.00
      476   428.27        15.117        0.0000          0.00     0.00     0.00
      477   428.78        5.4366        0.0000          0.00     0.00     0.00
      478   429.29       -4.2443        0.0000          0.00     0.00     0.00
      479   429.80       -13.925        0.0000          0.00     0.00     0.00
      480   430.30       -23.606        0.0000          0.00     0.00     0.00

    NODE        X             Y             Z           THXY     THYZ     THZX
      481   430.81       -33.287        0.0000          0.00     0.00     0.00
      482   431.32       -42.968        0.0000          0.00     0.00     0.00
      483   431.82       -52.648        0.0000          0.00     0.00     0.00
      484   485.02       -133.35        0.0000          0.00     0.00     0.00
      485   435.86       -71.391        0.0000          0.00     0.00     0.00
      486   442.37       -78.837        0.0000          0.00     0.00     0.00
      487   448.78       -86.372        0.0000          0.00     0.00     0.00
      488   455.08       -93.995        0.0000          0.00     0.00     0.00
      489   461.30       -101.69        0.0000          0.00     0.00     0.00
      490   467.41       -109.47        0.0000          0.00     0.00     0.00
      491   473.41       -117.33        0.0000          0.00     0.00     0.00
      492   479.28       -125.29        0.0000          0.00     0.00     0.00
      493   512.24       -125.38        0.0000          0.00     0.00     0.00
      494   492.32       -138.88        0.0000          0.00     0.00     0.00
      495   501.47       -139.11        0.0000          0.00     0.00     0.00
      496   509.03       -133.95        0.0000          0.00     0.00     0.00
      497   513.73       -96.949        0.0000          0.00     0.00     0.00
      498   512.73       -115.90        0.0000          0.00     0.00     0.00
      499   513.23       -106.43        0.0000          0.00     0.00     0.00
      500   513.23       -87.427        0.0000          0.00     0.00     0.00

    NODE        X             Y             Z           THXY     THYZ     THZX
      501   512.73       -77.904        0.0000          0.00     0.00     0.00
      502   512.23       -68.381        0.0000          0.00     0.00     0.00
      503   511.73       -58.859        0.0000          0.00     0.00     0.00
      504   511.23       -49.336        0.0000          0.00     0.00     0.00
      505   510.73       -39.814        0.0000          0.00     0.00     0.00
      506   510.23       -30.291        0.0000          0.00     0.00     0.00
      507   228.88        299.06        0.0000          0.00     0.00     0.00
      508   214.30        284.84        0.0000          0.00     0.00     0.00
      509   221.77        297.06        0.0000          0.00     0.00     0.00
      510   216.49        291.90        0.0000          0.00     0.00     0.00
      511   208.76        179.18        0.0000          0.00     0.00     0.00
      512   213.80        275.23        0.0000          0.00     0.00     0.00
      513   213.29        265.63        0.0000          0.00     0.00     0.00
      514   212.79        256.02        0.0000          0.00     0.00     0.00
      515   212.29        246.42        0.0000          0.00     0.00     0.00
      516   211.78        236.81        0.0000          0.00     0.00     0.00
      517   211.28        227.21        0.0000          0.00     0.00     0.00
      518   210.77        217.60        0.0000          0.00     0.00     0.00
      519   210.27        208.00        0.0000          0.00     0.00     0.00
      520   209.77        198.39        0.0000          0.00     0.00     0.00

    NODE        X             Y             Z           THXY     THYZ     THZX
      521   209.26        188.78        0.0000          0.00     0.00     0.00
      522   213.65        85.830        0.0000          0.00     0.00     0.00
      523   209.25        169.84        0.0000          0.00     0.00     0.00
      524   209.74        160.51        0.0000          0.00     0.00     0.00
      525   210.23        151.17        0.0000          0.00     0.00     0.00
      526   210.72        141.84        0.0000          0.00     0.00     0.00
      527   211.21        132.50        0.0000          0.00     0.00     0.00
      528   211.70        123.17        0.0000          0.00     0.00     0.00
      529   212.18        113.83        0.0000          0.00     0.00     0.00
      530   212.67        104.50        0.0000          0.00     0.00     0.00
      531   213.16        95.165        0.0000          0.00     0.00     0.00
      532   224.31        71.911        0.0000          0.00     0.00     0.00
      533   216.81        77.204        0.0000          0.00     0.00     0.00
      534   291.54        43.907        0.0000          0.00     0.00     0.00
      535   232.97        69.069        0.0000          0.00     0.00     0.00
      536   241.56        66.027        0.0000          0.00     0.00     0.00
      537   250.09        62.792        0.0000          0.00     0.00     0.00
      538   258.53        59.369        0.0000          0.00     0.00     0.00
      539   266.91        55.765        0.0000          0.00     0.00     0.00
      540   275.20        51.983        0.0000          0.00     0.00     0.00

    NODE        X             Y             Z           THXY     THYZ     THZX
      541   283.41        48.030        0.0000          0.00     0.00     0.00
      542   313.41        56.716        0.0000          0.00     0.00     0.00
      543   298.80        42.242        0.0000          0.00     0.00     0.00
      544   305.95        44.320        0.0000          0.00     0.00     0.00
      545   311.22        49.593        0.0000          0.00     0.00     0.00
      546   318.35        150.95        0.0000          0.00     0.00     0.00
      547   313.91        66.139        0.0000          0.00     0.00     0.00
      548   314.40        75.562        0.0000          0.00     0.00     0.00
      549   314.89        84.985        0.0000          0.00     0.00     0.00
      550   315.39        94.408        0.0000          0.00     0.00     0.00
      551   315.88        103.83        0.0000          0.00     0.00     0.00
      552   316.38        113.25        0.0000          0.00     0.00     0.00
      553   316.87        122.68        0.0000          0.00     0.00     0.00
      554   317.36        132.10        0.0000          0.00     0.00     0.00
      555   317.86        141.52        0.0000          0.00     0.00     0.00
      556   303.68        281.83        0.0000          0.00     0.00     0.00
      557   317.85        160.53        0.0000          0.00     0.00     0.00
      558   317.35        170.12        0.0000          0.00     0.00     0.00
      559   316.84        179.70        0.0000          0.00     0.00     0.00
      560   316.34        189.28        0.0000          0.00     0.00     0.00

    NODE        X             Y             Z           THXY     THYZ     THZX
      561   315.84        198.87        0.0000          0.00     0.00     0.00
      562   315.34        208.45        0.0000          0.00     0.00     0.00
      563   314.83        218.04        0.0000          0.00     0.00     0.00
      564   314.33        227.62        0.0000          0.00     0.00     0.00
      565   313.83        237.20        0.0000          0.00     0.00     0.00
      566   313.33        246.79        0.0000          0.00     0.00     0.00
      567   312.82        256.37        0.0000          0.00     0.00     0.00
      568   312.32        265.96        0.0000          0.00     0.00     0.00
      569   310.46        275.27        0.0000          0.00     0.00     0.00
      570   294.84        285.78        0.0000          0.00     0.00     0.00
      571   285.82        289.31        0.0000          0.00     0.00     0.00
      572   276.64        292.40        0.0000          0.00     0.00     0.00
      573   267.29        294.93        0.0000          0.00     0.00     0.00
      574   257.81        296.88        0.0000          0.00     0.00     0.00
      575   248.22        298.25        0.0000          0.00     0.00     0.00
      576   238.57        298.98        0.0000          0.00     0.00     0.00
      577   189.87        284.95        0.0000          0.00     0.00     0.00
      578   109.83        86.542        0.0000          0.00     0.00     0.00
      579   105.85        75.528        0.0000          0.00     0.00     0.00
      580   95.681        68.540        0.0000          0.00     0.00     0.00

    NODE        X             Y             Z           THXY     THYZ     THZX
      581   44.380        126.19        0.0000          0.00     0.00     0.00
      582   42.212        117.24        0.0000          0.00     0.00     0.00
      583   39.170        106.35        0.0000          0.00     0.00     0.00
      584   39.596        94.713        0.0000          0.00     0.00     0.00
      585   99.209        164.68        0.0000          0.00     0.00     0.00
      586   86.932        174.94        0.0000          0.00     0.00     0.00
      587   70.230        178.58        0.0000          0.00     0.00     0.00
      588   58.105        166.55        0.0000          0.00     0.00     0.00
      589   218.78        317.10        0.0000          0.00     0.00     0.00
      590   211.70        313.63        0.0000          0.00     0.00     0.00
      591   202.21        311.51        0.0000          0.00     0.00     0.00
      592   192.90        308.94        0.0000          0.00     0.00     0.00
      593   183.38        305.51        0.0000          0.00     0.00     0.00
      594   173.05        303.19        0.0000          0.00     0.00     0.00
      595   164.27        302.66        0.0000          0.00     0.00     0.00
      596   157.15        297.84        0.0000          0.00     0.00     0.00
      597   148.84        293.66        0.0000          0.00     0.00     0.00
      598   140.70        289.13        0.0000          0.00     0.00     0.00
      599   133.38        285.15        0.0000          0.00     0.00     0.00
      600   129.24        275.36        0.0000          0.00     0.00     0.00

    NODE        X             Y             Z           THXY     THYZ     THZX
      601   117.53        270.57        0.0000          0.00     0.00     0.00
      602   109.92        267.09        0.0000          0.00     0.00     0.00
      603   105.70        260.48        0.0000          0.00     0.00     0.00
      604   99.826        253.26        0.0000          0.00     0.00     0.00
      605   93.793        245.90        0.0000          0.00     0.00     0.00
      606   88.169        238.45        0.0000          0.00     0.00     0.00
      607   82.265        231.06        0.0000          0.00     0.00     0.00
      608   77.009        223.47        0.0000          0.00     0.00     0.00
      609   72.199        215.62        0.0000          0.00     0.00     0.00
      610   67.837        207.42        0.0000          0.00     0.00     0.00
      611   64.033        198.50        0.0000          0.00     0.00     0.00
      612   60.494        187.68        0.0000          0.00     0.00     0.00
      613   53.885        181.86        0.0000          0.00     0.00     0.00
      614   188.59        65.638        0.0000          0.00     0.00     0.00
      615   178.22        67.215        0.0000          0.00     0.00     0.00
      616   168.26        68.511        0.0000          0.00     0.00     0.00
      617   158.10        72.723        0.0000          0.00     0.00     0.00
      618   145.56        73.351        0.0000          0.00     0.00     0.00
      619   134.66        69.797        0.0000          0.00     0.00     0.00
      620   124.84        68.613        0.0000          0.00     0.00     0.00

    NODE        X             Y             Z           THXY     THYZ     THZX
      621   114.54        67.371        0.0000          0.00     0.00     0.00
      622   103.99        64.083        0.0000          0.00     0.00     0.00
      623   93.671        60.996        0.0000          0.00     0.00     0.00
      624   468.01        101.07        0.0000          0.00     0.00     0.00
      625   472.84        92.153        0.0000          0.00     0.00     0.00
      626   477.12        83.326        0.0000          0.00     0.00     0.00
      627   481.24        74.484        0.0000          0.00     0.00     0.00
      628   485.28        65.611        0.0000          0.00     0.00     0.00
      629   489.24        56.708        0.0000          0.00     0.00     0.00
      630   493.14        47.776        0.0000          0.00     0.00     0.00
      631   496.98        38.817        0.0000          0.00     0.00     0.00
      632   500.49        30.136        0.0000          0.00     0.00     0.00
      633   503.56        21.933        0.0000          0.00     0.00     0.00
      634   505.35        13.238        0.0000          0.00     0.00     0.00
      635   510.08        5.7111        0.0000          0.00     0.00     0.00
      636   513.63       -2.5760        0.0000          0.00     0.00     0.00
      637   517.17       -14.078        0.0000          0.00     0.00     0.00
      638   518.37       -134.25        0.0000          0.00     0.00     0.00
      639   508.58       -142.03        0.0000          0.00     0.00     0.00
      640   497.48       -145.87        0.0000          0.00     0.00     0.00

    NODE        X             Y             Z           THXY     THYZ     THZX
      641   483.79       -145.47        0.0000          0.00     0.00     0.00
      642   475.07       -134.36        0.0000          0.00     0.00     0.00
      643   468.87       -126.25        0.0000          0.00     0.00     0.00
      644   462.77       -118.34        0.0000          0.00     0.00     0.00
      645   456.59       -110.55        0.0000          0.00     0.00     0.00
      646   450.32       -102.84        0.0000          0.00     0.00     0.00
      647   443.94       -95.228        0.0000          0.00     0.00     0.00
      648   437.45       -87.604        0.0000          0.00     0.00     0.00
      649   430.77       -79.751        0.0000          0.00     0.00     0.00
      650   423.99       -70.020        0.0000          0.00     0.00     0.00
      651   185.77        78.191        0.0000          0.00     0.00     0.00
      652   174.13        76.346        0.0000          0.00     0.00     0.00
      653   166.17        77.338        0.0000          0.00     0.00     0.00
      654   420.84        104.85        0.0000          0.00     0.00     0.00
      655   429.54        113.51        0.0000          0.00     0.00     0.00
      656   450.04        116.42        0.0000          0.00     0.00     0.00
      657   461.80        110.75        0.0000          0.00     0.00     0.00
      658   333.64        236.27        0.0000          0.00     0.00     0.00
      659   341.16        244.69        0.0000          0.00     0.00     0.00
      660   351.44        249.10        0.0000          0.00     0.00     0.00

    NODE        X             Y             Z           THXY     THYZ     THZX
      661   364.17        250.85        0.0000          0.00     0.00     0.00
      662   373.81        244.19        0.0000          0.00     0.00     0.00
      663   383.41        236.58        0.0000          0.00     0.00     0.00
      664   390.25        226.69        0.0000          0.00     0.00     0.00
      665   396.59        218.68        0.0000          0.00     0.00     0.00
      666   402.69        210.81        0.0000          0.00     0.00     0.00
      667   408.71        202.62        0.0000          0.00     0.00     0.00
      668   414.52        192.91        0.0000          0.00     0.00     0.00
      669   416.96       -11.980        0.0000          0.00     0.00     0.00
      670   409.31       -23.246        0.0000          0.00     0.00     0.00
      671   395.97       -29.810        0.0000          0.00     0.00     0.00
      672   333.95        15.381        0.0000          0.00     0.00     0.00
      673   338.72        3.4020        0.0000          0.00     0.00     0.00
      674   347.61       -3.9533        0.0000          0.00     0.00     0.00
      675   355.69       -10.184        0.0000          0.00     0.00     0.00
      676   363.56       -16.388        0.0000          0.00     0.00     0.00
      677   371.68       -22.605        0.0000          0.00     0.00     0.00
      678   381.47       -29.056        0.0000          0.00     0.00     0.00
      679   215.14        67.848        0.0000          0.00     0.00     0.00
      680   208.44        76.772        0.0000          0.00     0.00     0.00

    NODE        X             Y             Z           THXY     THYZ     THZX
      681   206.42        293.42        0.0000          0.00     0.00     0.00
      682   211.88        301.77        0.0000          0.00     0.00     0.00
      683   221.74        307.98        0.0000          0.00     0.00     0.00
      684   233.23        311.56        0.0000          0.00     0.00     0.00
      685   244.50        310.92        0.0000          0.00     0.00     0.00
      686   254.61        309.86        0.0000          0.00     0.00     0.00
      687   265.56        308.08        0.0000          0.00     0.00     0.00
      688   274.83        302.47        0.0000          0.00     0.00     0.00
      689   283.81        299.78        0.0000          0.00     0.00     0.00
      690   294.78        299.17        0.0000          0.00     0.00     0.00
      691   306.28        293.89        0.0000          0.00     0.00     0.00
      692   320.50        45.951        0.0000          0.00     0.00     0.00
      693   313.22        39.250        0.0000          0.00     0.00     0.00
      694   304.66        34.566        0.0000          0.00     0.00     0.00
      695   294.19        31.148        0.0000          0.00     0.00     0.00
      696   284.24        35.088        0.0000          0.00     0.00     0.00
      697   275.43        38.981        0.0000          0.00     0.00     0.00
      698   266.73        42.919        0.0000          0.00     0.00     0.00
      699   258.06        46.890        0.0000          0.00     0.00     0.00
      700   248.92        50.405        0.0000          0.00     0.00     0.00

    NODE        X             Y             Z           THXY     THYZ     THZX
      701   239.04        54.374        0.0000          0.00     0.00     0.00
      702   233.28        61.469        0.0000          0.00     0.00     0.00
      703   225.21        63.546        0.0000          0.00     0.00     0.00
      704   124.58        262.48        0.0000          0.00     0.00     0.00
      705   140.39        279.65        0.0000          0.00     0.00     0.00
      706   148.84        284.24        0.0000          0.00     0.00     0.00
      707   157.39        288.59        0.0000          0.00     0.00     0.00
      708   167.44        293.44        0.0000          0.00     0.00     0.00
      709   181.14        292.71        0.0000          0.00     0.00     0.00
      710   34.975        63.938        0.0000          0.00     0.00     0.00
      711   39.118        54.037        0.0000          0.00     0.00     0.00
      712   83.677        58.861        0.0000          0.00     0.00     0.00
      713   74.869        54.456        0.0000          0.00     0.00     0.00
      714   66.188        49.576        0.0000          0.00     0.00     0.00
      715   57.356        45.252        0.0000          0.00     0.00     0.00
      716   47.661        49.792        0.0000          0.00     0.00     0.00
      717   65.129        60.871        0.0000          0.00     0.00     0.00
      718   56.032        66.053        0.0000          0.00     0.00     0.00
      719   48.053        73.617        0.0000          0.00     0.00     0.00
      720   40.147        83.692        0.0000          0.00     0.00     0.00

    NODE        X             Y             Z           THXY     THYZ     THZX
      721   51.864        158.21        0.0000          0.00     0.00     0.00
      722   48.893        148.40        0.0000          0.00     0.00     0.00
      723   47.260        139.97        0.0000          0.00     0.00     0.00
      724   47.876        132.72        0.0000          0.00     0.00     0.00
      725   106.14        129.28        0.0000          0.00     0.00     0.00
      726   106.28        138.80        0.0000          0.00     0.00     0.00
      727   105.23        147.83        0.0000          0.00     0.00     0.00
      728   102.52        156.17        0.0000          0.00     0.00     0.00
      729   625.40       -370.15        0.0000          0.00     0.00     0.00
      730   580.63       -291.37        0.0000          0.00     0.00     0.00
      731   596.01       -285.69        0.0000          0.00     0.00     0.00
      732   636.80       -411.04        0.0000          0.00     0.00     0.00
      733   633.69       -399.96        0.0000          0.00     0.00     0.00
      734   630.74       -389.92        0.0000          0.00     0.00     0.00
      735   627.95       -380.08        0.0000          0.00     0.00     0.00
      736   604.21       -283.58        0.0000          0.00     0.00     0.00
      737   592.19       -237.10        0.0000          0.00     0.00     0.00
      738   588.33       -230.18        0.0000          0.00     0.00     0.00
      739   550.63       -111.38        0.0000          0.00     0.00     0.00
      740   548.24       -102.09        0.0000          0.00     0.00     0.00

    NODE        X             Y             Z           THXY     THYZ     THZX
      741   545.18       -93.171        0.0000          0.00     0.00     0.00
      742   542.35       -84.002        0.0000          0.00     0.00     0.00
      743   539.31       -75.185        0.0000          0.00     0.00     0.00
      744   533.76       -66.286        0.0000          0.00     0.00     0.00
      745   531.69       -55.444        0.0000          0.00     0.00     0.00
      746   529.35       -45.739        0.0000          0.00     0.00     0.00
      747   526.45       -36.494        0.0000          0.00     0.00     0.00
      748   520.93       -26.521        0.0000          0.00     0.00     0.00
      749   459.76        121.26        0.0000          0.00     0.00     0.00
      750   458.89        129.43        0.0000          0.00     0.00     0.00
      751   453.61        135.94        0.0000          0.00     0.00     0.00
      752   447.84        144.38        0.0000          0.00     0.00     0.00
      753   442.96        153.23        0.0000          0.00     0.00     0.00
      754   437.99        161.54        0.0000          0.00     0.00     0.00
      755   432.61        169.72        0.0000          0.00     0.00     0.00
      756   425.69        178.04        0.0000          0.00     0.00     0.00
      757   422.97        186.97        0.0000          0.00     0.00     0.00
      758   356.78        259.80        0.0000          0.00     0.00     0.00
      759   350.09        267.72        0.0000          0.00     0.00     0.00
      760   346.21        275.08        0.0000          0.00     0.00     0.00

    NODE        X             Y             Z           THXY     THYZ     THZX
      761   338.93        278.25        0.0000          0.00     0.00     0.00
      762   330.48        282.81        0.0000          0.00     0.00     0.00
      763   322.35        288.55        0.0000          0.00     0.00     0.00
      764   316.03        294.01        0.0000          0.00     0.00     0.00
      765   289.21        306.75        0.0000          0.00     0.00     0.00
      766   281.64        308.81        0.0000          0.00     0.00     0.00
      767   274.23        311.31        0.0000          0.00     0.00     0.00
      768   225.58        316.90        0.0000          0.00     0.00     0.00
      769   37.261        72.538        0.0000          0.00     0.00     0.00
      770   49.584        166.91        0.0000          0.00     0.00     0.00
      771   52.059        174.15        0.0000          0.00     0.00     0.00
      772   414.01       -62.566        0.0000          0.00     0.00     0.00
      773   405.87       -57.904        0.0000          0.00     0.00     0.00
      774   401.62       -50.232        0.0000          0.00     0.00     0.00
      775   394.25       -42.580        0.0000          0.00     0.00     0.00
      776   386.09       -37.578        0.0000          0.00     0.00     0.00
      777   327.12        7.6632        0.0000          0.00     0.00     0.00
      778   318.37        10.341        0.0000          0.00     0.00     0.00
      779   311.47        16.470        0.0000          0.00     0.00     0.00
      780   303.16        22.924        0.0000          0.00     0.00     0.00

    NODE        X             Y             Z           THXY     THYZ     THZX
      781   227.56        54.537        0.0000          0.00     0.00     0.00
      782   217.75        57.180        0.0000          0.00     0.00     0.00
      783   207.97        59.765        0.0000          0.00     0.00     0.00
      784   197.90        62.260        0.0000          0.00     0.00     0.00
      785   628.81       -420.09        0.0000          0.00     0.00     0.00
      786   625.41       -407.60        0.0000          0.00     0.00     0.00
      787   621.86       -397.30        0.0000          0.00     0.00     0.00
      788   618.31       -387.53        0.0000          0.00     0.00     0.00
      789   615.56       -377.60        0.0000          0.00     0.00     0.00
      790   573.26       -295.31        0.0000          0.00     0.00     0.00
      791   551.91       -251.58        0.0000          0.00     0.00     0.00
      792   545.95       -244.54        0.0000          0.00     0.00     0.00
      793   524.76       -209.07        0.0000          0.00     0.00     0.00
      794   522.01       -200.50        0.0000          0.00     0.00     0.00
      795   515.20       -191.67        0.0000          0.00     0.00     0.00
      796   509.32       -182.93        0.0000          0.00     0.00     0.00
      797   503.24       -174.51        0.0000          0.00     0.00     0.00
      798   498.15       -165.21        0.0000          0.00     0.00     0.00
      799   492.40       -156.06        0.0000          0.00     0.00     0.00
      800   114.68        115.58        0.0000          0.00     0.00     0.00

    NODE        X             Y             Z           THXY     THYZ     THZX
      801   115.31        104.58        0.0000          0.00     0.00     0.00
      802   110.37        95.289        0.0000          0.00     0.00     0.00
      803   517.56       -35.329        0.0000          0.00     0.00     0.00
      804   519.46       -43.524        0.0000          0.00     0.00     0.00
      805   520.94       -52.537        0.0000          0.00     0.00     0.00
      806   522.05       -62.236        0.0000          0.00     0.00     0.00
      807   522.01       -71.679        0.0000          0.00     0.00     0.00
      808   522.41       -80.953        0.0000          0.00     0.00     0.00
      809   523.28       -90.071        0.0000          0.00     0.00     0.00
      810   524.70       -101.14        0.0000          0.00     0.00     0.00
      811   521.75       -112.89        0.0000          0.00     0.00     0.00
      812   520.73       -123.52        0.0000          0.00     0.00     0.00
      813   423.07       -57.628        0.0000          0.00     0.00     0.00
      814   424.17       -48.544        0.0000          0.00     0.00     0.00
      815   421.23       -39.538        0.0000          0.00     0.00     0.00
      816   419.95       -29.245        0.0000          0.00     0.00     0.00
      817   421.30       -20.444        0.0000          0.00     0.00     0.00
      818   417.84       -1.2240        0.0000          0.00     0.00     0.00
      819   417.73        8.5804        0.0000          0.00     0.00     0.00
      820   416.75        19.527        0.0000          0.00     0.00     0.00

    NODE        X             Y             Z           THXY     THYZ     THZX
      821   417.89        30.847        0.0000          0.00     0.00     0.00
      822   418.03        40.267        0.0000          0.00     0.00     0.00
      823   417.76        48.543        0.0000          0.00     0.00     0.00
      824   418.20        56.785        0.0000          0.00     0.00     0.00
      825   418.16        83.740        0.0000          0.00     0.00     0.00
      826   419.12        93.906        0.0000          0.00     0.00     0.00
      827   194.15        275.99        0.0000          0.00     0.00     0.00
      828   195.15        267.72        0.0000          0.00     0.00     0.00
      829   200.48        260.04        0.0000          0.00     0.00     0.00
      830   200.98        249.43        0.0000          0.00     0.00     0.00
      831   201.08        239.82        0.0000          0.00     0.00     0.00
      832   201.10        230.40        0.0000          0.00     0.00     0.00
      833   201.11        221.00        0.0000          0.00     0.00     0.00
      834   201.11        211.66        0.0000          0.00     0.00     0.00
      835   201.09        202.50        0.0000          0.00     0.00     0.00
      836   201.09        194.76        0.0000          0.00     0.00     0.00
      837   193.62        86.837        0.0000          0.00     0.00     0.00
      838   200.43        97.583        0.0000          0.00     0.00     0.00
      839   200.91        109.02        0.0000          0.00     0.00     0.00
      840   201.04        118.62        0.0000          0.00     0.00     0.00

    NODE        X             Y             Z           THXY     THYZ     THZX
      841   201.07        127.92        0.0000          0.00     0.00     0.00
      842   201.09        137.15        0.0000          0.00     0.00     0.00
      843   201.07        146.28        0.0000          0.00     0.00     0.00
      844   201.07        154.98        0.0000          0.00     0.00     0.00
      845   201.08        162.90        0.0000          0.00     0.00     0.00
      846   135.95        79.773        0.0000          0.00     0.00     0.00
      847   128.10        85.413        0.0000          0.00     0.00     0.00
      848   119.95        93.129        0.0000          0.00     0.00     0.00
      849   114.82        125.60        0.0000          0.00     0.00     0.00
      850   115.69        135.79        0.0000          0.00     0.00     0.00
      851   115.74        145.36        0.0000          0.00     0.00     0.00
      852   114.36        155.74        0.0000          0.00     0.00     0.00
      853   116.74        166.19        0.0000          0.00     0.00     0.00
      854   117.64        175.38        0.0000          0.00     0.00     0.00
      855   118.72        184.73        0.0000          0.00     0.00     0.00
      856   119.23        193.97        0.0000          0.00     0.00     0.00
      857   119.48        203.51        0.0000          0.00     0.00     0.00
      858   120.05        213.19        0.0000          0.00     0.00     0.00
      859   120.35        223.00        0.0000          0.00     0.00     0.00
      860   120.64        232.83        0.0000          0.00     0.00     0.00

    NODE        X             Y             Z           THXY     THYZ     THZX
      861   121.04        242.66        0.0000          0.00     0.00     0.00
      862   122.37        252.77        0.0000          0.00     0.00     0.00
      863   519.00       -145.41        0.0000          0.00     0.00     0.00
      864   520.76       -155.50        0.0000          0.00     0.00     0.00
      865   524.14       -163.48        0.0000          0.00     0.00     0.00
      866   522.64       -171.41        0.0000          0.00     0.00     0.00
      867   521.18       -182.14        0.0000          0.00     0.00     0.00
      868   524.37       -191.54        0.0000          0.00     0.00     0.00
      869   540.75       -109.41        0.0000          0.00     0.00     0.00
      870   579.48       -232.73        0.0000          0.00     0.00     0.00
      871   570.89       -233.86        0.0000          0.00     0.00     0.00
      872   563.00       -238.26        0.0000          0.00     0.00     0.00
      873   554.62       -241.76        0.0000          0.00     0.00     0.00
      874   331.39        26.385        0.0000          0.00     0.00     0.00
      875   330.45        37.993        0.0000          0.00     0.00     0.00
      876   330.50        48.758        0.0000          0.00     0.00     0.00
      877   331.23        57.410        0.0000          0.00     0.00     0.00
      878   326.36        66.948        0.0000          0.00     0.00     0.00
      879   326.02        78.265        0.0000          0.00     0.00     0.00
      880   325.93        88.251        0.0000          0.00     0.00     0.00

    NODE        X             Y             Z           THXY     THYZ     THZX
      881   325.89        98.009        0.0000          0.00     0.00     0.00
      882   325.85        107.73        0.0000          0.00     0.00     0.00
      883   325.86        117.31        0.0000          0.00     0.00     0.00
      884   325.86        126.48        0.0000          0.00     0.00     0.00
      885   325.81        134.78        0.0000          0.00     0.00     0.00
      886   326.28        158.10        0.0000          0.00     0.00     0.00
      887   326.23        166.38        0.0000          0.00     0.00     0.00
      888   326.33        175.37        0.0000          0.00     0.00     0.00
      889   326.36        184.87        0.0000          0.00     0.00     0.00
      890   326.38        194.45        0.0000          0.00     0.00     0.00
      891   326.40        204.04        0.0000          0.00     0.00     0.00
      892   326.44        213.99        0.0000          0.00     0.00     0.00
      893   327.04        225.50        0.0000          0.00     0.00     0.00
      894   414.75        181.78        0.0000          0.00     0.00     0.00
      895   415.22        172.32        0.0000          0.00     0.00     0.00
      896   415.84        163.16        0.0000          0.00     0.00     0.00
      897   416.41        153.62        0.0000          0.00     0.00     0.00
      898   416.22        143.69        0.0000          0.00     0.00     0.00
      899   416.13        134.31        0.0000          0.00     0.00     0.00
      900   416.95        125.26        0.0000          0.00     0.00     0.00

    NODE        X             Y             Z           THXY     THYZ     THZX
      901   418.74        115.86        0.0000          0.00     0.00     0.00
      902   204.38        86.169        0.0000          0.00     0.00     0.00
      903   203.49        271.36        0.0000          0.00     0.00     0.00
      904   202.22        283.12        0.0000          0.00     0.00     0.00
      905   313.21        284.89        0.0000          0.00     0.00     0.00
      906   320.04        276.01        0.0000          0.00     0.00     0.00
      907   321.35        263.49        0.0000          0.00     0.00     0.00
      908   321.63        252.73        0.0000          0.00     0.00     0.00
      909   320.62        243.88        0.0000          0.00     0.00     0.00
      910   323.72        235.97        0.0000          0.00     0.00     0.00
      911   322.93        57.157        0.0000          0.00     0.00     0.00
      912   588.23       -288.31        0.0000          0.00     0.00     0.00
      913   564.29       -250.22        0.0000          0.00     0.00     0.00
      914   575.17       -244.76        0.0000          0.00     0.00     0.00
      915   530.55       -109.60        0.0000          0.00     0.00     0.00
      916   584.63       -241.43        0.0000          0.00     0.00     0.00
      917   193.52        296.06        0.0000          0.00     0.00     0.00
      918   118.76        78.990        0.0000          0.00     0.00     0.00
      919   95.883        174.01        0.0000          0.00     0.00     0.00
      920   107.97        162.99        0.0000          0.00     0.00     0.00

    NODE        X             Y             Z           THXY     THYZ     THZX
      921   79.738        181.46        0.0000          0.00     0.00     0.00
      922   61.035        175.98        0.0000          0.00     0.00     0.00
      923   200.43        302.71        0.0000          0.00     0.00     0.00
      924   115.22        260.62        0.0000          0.00     0.00     0.00
      925   111.24        250.56        0.0000          0.00     0.00     0.00
      926   103.26        244.85        0.0000          0.00     0.00     0.00
      927   100.21        235.98        0.0000          0.00     0.00     0.00
      928   92.445        228.95        0.0000          0.00     0.00     0.00
      929   86.839        222.26        0.0000          0.00     0.00     0.00
      930   82.228        214.75        0.0000          0.00     0.00     0.00
      931   77.588        207.30        0.0000          0.00     0.00     0.00
      932   73.994        199.20        0.0000          0.00     0.00     0.00
      933   71.339        189.88        0.0000          0.00     0.00     0.00
      934   197.39        74.810        0.0000          0.00     0.00     0.00
      935   507.41       -155.01        0.0000          0.00     0.00     0.00
      936   438.89        122.47        0.0000          0.00     0.00     0.00
      937   342.39        255.53        0.0000          0.00     0.00     0.00
      938   407.85       -37.475        0.0000          0.00     0.00     0.00
      939   322.94        19.527        0.0000          0.00     0.00     0.00
      940   205.52        68.558        0.0000          0.00     0.00     0.00

    NODE        X             Y             Z           THXY     THYZ     THZX
      941   312.79        27.103        0.0000          0.00     0.00     0.00
      942   45.573        62.165        0.0000          0.00     0.00     0.00
      943   56.310        55.574        0.0000          0.00     0.00     0.00
      944   533.56       -91.298        0.0000          0.00     0.00     0.00
      945   532.07       -82.658        0.0000          0.00     0.00     0.00
      946   530.40       -75.195        0.0000          0.00     0.00     0.00
      947   450.71        126.69        0.0000          0.00     0.00     0.00
      948   443.06        134.63        0.0000          0.00     0.00     0.00
      949   435.77        144.11        0.0000          0.00     0.00     0.00
      950   433.80        153.60        0.0000          0.00     0.00     0.00
      951   426.56        160.01        0.0000          0.00     0.00     0.00
      952   423.55        168.88        0.0000          0.00     0.00     0.00
      953   339.47        268.20        0.0000          0.00     0.00     0.00
      954   330.13        271.15        0.0000          0.00     0.00     0.00
      955   413.41       -49.940        0.0000          0.00     0.00     0.00
      956   513.21       -173.50        0.0000          0.00     0.00     0.00
      957   507.53       -166.43        0.0000          0.00     0.00     0.00
      958   537.16       -101.12        0.0000          0.00     0.00     0.00
      959   128.38        76.467        0.0000          0.00     0.00     0.00
      960   111.28        180.80        0.0000          0.00     0.00     0.00

    NODE        X             Y             Z           THXY     THYZ     THZX
      961   110.40        189.32        0.0000          0.00     0.00     0.00
      962   110.01        198.68        0.0000          0.00     0.00     0.00
      963   110.20        209.03        0.0000          0.00     0.00     0.00
      964   110.88        219.08        0.0000          0.00     0.00     0.00
      965   110.90        229.17        0.0000          0.00     0.00     0.00
      966   111.25        239.26        0.0000          0.00     0.00     0.00
      967   515.67       -163.93        0.0000          0.00     0.00     0.00
      968   321.88        32.586        0.0000          0.00     0.00     0.00
      969   425.60        149.04        0.0000          0.00     0.00     0.00
      970   424.80        139.08        0.0000          0.00     0.00     0.00
      971   423.40        131.06        0.0000          0.00     0.00     0.00
      972   426.69        124.08        0.0000          0.00     0.00     0.00
      973   330.92        259.59        0.0000          0.00     0.00     0.00
      974   330.60        246.69        0.0000          0.00     0.00     0.00
      975   91.015        184.77        0.0000          0.00     0.00     0.00
      976   107.36        172.33        0.0000          0.00     0.00     0.00
      977   102.77        182.30        0.0000          0.00     0.00     0.00
      978   81.107        191.96        0.0000          0.00     0.00     0.00
      979   101.86        224.94        0.0000          0.00     0.00     0.00
      980   94.994        221.07        0.0000          0.00     0.00     0.00

    NODE        X             Y             Z           THXY     THYZ     THZX
      981   92.022        213.96        0.0000          0.00     0.00     0.00
      982   87.489        205.86        0.0000          0.00     0.00     0.00
      983   82.058        200.12        0.0000          0.00     0.00     0.00
      984   432.08        132.61        0.0000          0.00     0.00     0.00
      985   100.59        192.56        0.0000          0.00     0.00     0.00
      986   98.870        204.56        0.0000          0.00     0.00     0.00
      987   101.47        215.44        0.0000          0.00     0.00     0.00
      988   90.155        196.45        0.0000          0.00     0.00     0.00

