
 PRINT TEMP NODAL SOLUTION PER NODE
 
  ***** POST1 NODAL DEGREE OF FREEDOM LISTING *****                            
 
  LOAD STEP=     1  SUBSTEP=     1                                             
   TIME=    1.0000      LOAD CASE=   0                                         
 
    NODE       TEMP  
       1   877.10     
       2   877.10     
       3   877.10     
       4   877.10     
       5   877.10     
       6   877.10     
       7   877.10     
       8   877.10     
       9   877.10     
      10   877.10     
      11   877.10     
      12   936.00     
      13   936.00     
      14   936.00     
      15   936.00     
      16   936.00     
      17   936.00     
      18   936.00     
      19   936.00     
      20   936.00     
      21   936.00     
      22   936.00     
      23   936.00     
      24   936.00     
      25   936.00     
      26   936.00     
      27   936.00     
      28   936.00     
      29   936.00     
      30   936.00     
      31   936.00     
      32   936.00     
      33   936.00     
      34   936.00     
      35   936.00     
      36   936.00     
      37   936.00     
      38   936.00     
      39   936.00     
 
  ***** POST1 NODAL DEGREE OF FREEDOM LISTING *****                            
 
  LOAD STEP=     1  SUBSTEP=     1                                             
   TIME=    1.0000      LOAD CASE=   0                                         
 
    NODE       TEMP  
      40   936.00     
      41   936.00     
      42   936.00     
      43   936.00     
      44   936.00     
      45   936.00     
      46   936.00     
      47   936.00     
      48   936.00     
      49   936.00     
      50   936.00     
      51   936.00     
      52   936.00     
      53   936.00     
      54   936.00     
      55   936.00     
      56   936.00     
      57   936.00     
      58   936.00     
      59   936.00     
      60   936.00     
      61   936.00     
      62   936.00     
      63   936.00     
      64   936.00     
      65   877.10     
      66   936.00     
      67   936.00     
      68   936.00     
      69   936.00     
      70   936.00     
      71   936.00     
      72   936.00     
      73   936.00     
      74   936.00     
      75   936.00     
      76   936.00     
      77   936.00     
      78   936.00     
 
  ***** POST1 NODAL DEGREE OF FREEDOM LISTING *****                            
 
  LOAD STEP=     1  SUBSTEP=     1                                             
   TIME=    1.0000      LOAD CASE=   0                                         
 
    NODE       TEMP  
      79   936.00     
      80   936.00     
      81   936.00     
      82   936.00     
      83   936.00     
      84   936.00     
      85   936.00     
      86   936.00     
      87   936.00     
      88   936.00     
      89   936.00     
      90   936.00     
      91   936.00     
      92   936.00     
      93   936.00     
      94   936.00     
      95   936.00     
      96   936.00     
      97   936.00     
      98   936.00     
      99   936.00     
     100   936.00     
     101   936.00     
     102   936.00     
     103   936.00     
     104   936.00     
     105   936.00     
     106   936.00     
     107   936.00     
     108   936.00     
     109   936.00     
     110   936.00     
     111   936.00     
     112   936.00     
     113   936.00     
     114   936.00     
     115   936.00     
     116   936.00     
     117   936.00     
 
  ***** POST1 NODAL DEGREE OF FREEDOM LISTING *****                            
 
  LOAD STEP=     1  SUBSTEP=     1                                             
   TIME=    1.0000      LOAD CASE=   0                                         
 
    NODE       TEMP  
     118   936.00     
     119   936.00     
     120   936.00     
     121   936.00     
     122   936.00     
     123   936.00     
     124   936.00     
     125   936.00     
     126   936.00     
     127   936.00     
     128   936.00     
     129   936.00     
     130   936.00     
     131   936.00     
     132   936.00     
     133   936.00     
     134   936.00     
     135   936.00     
     136   936.00     
     137   936.00     
     138   936.00     
     139   936.00     
     140   936.00     
     141   936.00     
     142   936.00     
     143   936.00     
     144   936.00     
     145   936.00     
     146   936.00     
     147   936.00     
     148   936.00     
     149   936.00     
     150   877.10     
     151   877.10     
     152   877.10     
     153   877.10     
     154   877.10     
     155   877.10     
     156   877.10     
 
  ***** POST1 NODAL DEGREE OF FREEDOM LISTING *****                            
 
  LOAD STEP=     1  SUBSTEP=     1                                             
   TIME=    1.0000      LOAD CASE=   0                                         
 
    NODE       TEMP  
     157   877.10     
     158   877.10     
     159   877.10     
     160   877.10     
     161   877.10     
     162   877.10     
     163   877.10     
     164   877.10     
     165   877.10     
     166   877.10     
     167   877.10     
     168   877.10     
     169   877.10     
     170   877.10     
     171   877.10     
     172   877.10     
     173   877.10     
     174   877.10     
     175   877.10     
     176   877.10     
     177   877.10     
     178   877.10     
     179   877.10     
     180   877.10     
     181   877.10     
     182   877.10     
     183   877.10     
     184   877.10     
     185   877.10     
     186   877.10     
     187   877.10     
     188   877.10     
     189   877.10     
     190   877.10     
     191   877.10     
     192   877.10     
     193   877.10     
     194   877.10     
     195   877.10     
 
  ***** POST1 NODAL DEGREE OF FREEDOM LISTING *****                            
 
  LOAD STEP=     1  SUBSTEP=     1                                             
   TIME=    1.0000      LOAD CASE=   0                                         
 
    NODE       TEMP  
     196   877.10     
     197   877.10     
     198   877.10     
     199   877.10     
     200   877.10     
     201   877.10     
     202   877.10     
     203   877.10     
     204   877.10     
     205   877.10     
     206   877.10     
     207   877.10     
     208   877.10     
     209   877.10     
     210   877.10     
     211   877.10     
     212   877.10     
     213   877.10     
     214   877.10     
     215   877.10     
     216   877.10     
     217   877.10     
     218   877.10     
     219   877.10     
     220   877.10     
     221   877.10     
     222   877.10     
     223   877.10     
     224   877.10     
     225   877.10     
     226   877.10     
     227   877.10     
     228   877.10     
     229   877.10     
     230   877.10     
     231   877.10     
     232   877.10     
     233   877.10     
     234   877.10     
 
  ***** POST1 NODAL DEGREE OF FREEDOM LISTING *****                            
 
  LOAD STEP=     1  SUBSTEP=     1                                             
   TIME=    1.0000      LOAD CASE=   0                                         
 
    NODE       TEMP  
     235   877.10     
     236   877.10     
     237   877.10     
     238   877.10     
     239   877.10     
     240   760.90     
     241   760.90     
     242   760.90     
     243   760.90     
     244   760.90     
     245   760.90     
     246   760.90     
     247   760.90     
     248   760.90     
     249   760.90     
     250   760.90     
     251   760.90     
     252   760.90     
     253   758.40     
     254   758.40     
     255   758.40     
     256   758.40     
     257   758.40     
     258   758.40     
     259   758.40     
     260   758.40     
     261   758.40     
     262   758.40     
     263   758.40     
     264   758.40     
     265   758.40     
     266   758.40     
     267   758.40     
     268   758.40     
     269   758.40     
     270   758.40     
     271   758.40     
     272   773.40     
     273   773.40     
 
  ***** POST1 NODAL DEGREE OF FREEDOM LISTING *****                            
 
  LOAD STEP=     1  SUBSTEP=     1                                             
   TIME=    1.0000      LOAD CASE=   0                                         
 
    NODE       TEMP  
     274   773.40     
     275   773.40     
     276   773.40     
     277   773.40     
     278   773.40     
     279   773.40     
     280   773.40     
     281   773.40     
     282   773.40     
     283   773.40     
     284   773.40     
     285   773.40     
     286   773.40     
     287   773.40     
     288   773.40     
     289   773.40     
     290   773.40     
     291   773.40     
     292   773.40     
     293   773.40     
     294   773.40     
     295   773.40     
     296   773.40     
     297   773.40     
     298   773.40     
     299   773.40     
     300   773.40     
     301   773.40     
     302   773.40     
     303   841.10     
     304   841.10     
     305   841.10     
     306   841.10     
     307   841.10     
     308   841.10     
     309   841.10     
     310   841.10     
     311   841.10     
     312   841.10     
 
  ***** POST1 NODAL DEGREE OF FREEDOM LISTING *****                            
 
  LOAD STEP=     1  SUBSTEP=     1                                             
   TIME=    1.0000      LOAD CASE=   0                                         
 
    NODE       TEMP  
     313   841.10     
     314   841.10     
     315   841.10     
     316   841.10     
     317   841.10     
     318   841.10     
     319   841.10     
     320   841.10     
     321   841.10     
     322   841.10     
     323   841.10     
     324   841.10     
     325   841.10     
     326   841.10     
     327   841.10     
     328   841.10     
     329   841.10     
     330   841.10     
     331   841.10     
     332   841.10     
     333   841.10     
     334   841.10     
     335   841.10     
     336   841.10     
     337   841.10     
     338   841.10     
     339   841.10     
     340   841.10     
     341   841.10     
     342   841.10     
     343   841.10     
     344   841.10     
     345   841.10     
     346   841.10     
     347   841.10     
     348   841.10     
     349   841.10     
     350   841.10     
     351   841.10     
 
  ***** POST1 NODAL DEGREE OF FREEDOM LISTING *****                            
 
  LOAD STEP=     1  SUBSTEP=     1                                             
   TIME=    1.0000      LOAD CASE=   0                                         
 
    NODE       TEMP  
     352   841.10     
     353   841.10     
     354   841.10     
     355   841.10     
     356   835.00     
     357   835.00     
     358   835.00     
     359   835.00     
     360   835.00     
     361   835.00     
     362   835.00     
     363   835.00     
     364   835.00     
     365   835.00     
     366   835.00     
     367   835.00     
     368   835.00     
     369   835.00     
     370   835.00     
     371   835.00     
     372   835.00     
     373   835.00     
     374   835.00     
     375   835.00     
     376   835.00     
     377   835.00     
     378   835.00     
     379   835.00     
     380   835.00     
     381   835.00     
     382   835.00     
     383   835.00     
     384   835.00     
     385   835.10     
     386   835.10     
     387   835.10     
     388   835.10     
     389   835.10     
     390   835.10     
 
  ***** POST1 NODAL DEGREE OF FREEDOM LISTING *****                            
 
  LOAD STEP=     1  SUBSTEP=     1                                             
   TIME=    1.0000      LOAD CASE=   0                                         
 
    NODE       TEMP  
     391   835.10     
     392   835.10     
     393   835.10     
     394   835.10     
     395   835.10     
     396   835.10     
     397   835.10     
     398   835.10     
     399   835.10     
     400   835.10     
     401   835.10     
     402   835.10     
     403   835.10     
     404   835.10     
     405   835.10     
     406   835.10     
     407   835.10     
     408   835.10     
     409   835.10     
     410   835.10     
     411   835.10     
     412   835.10     
     413   835.10     
     414   835.10     
     415   835.10     
     416   835.10     
     417   835.10     
     418   835.10     
     419   835.10     
     420   835.10     
     421   835.10     
     422   835.10     
     423   835.10     
     424   835.10     
     425   835.10     
     426   835.10     
     427   835.10     
     428   835.10     
     429   835.10     
 
  ***** POST1 NODAL DEGREE OF FREEDOM LISTING *****                            
 
  LOAD STEP=     1  SUBSTEP=     1                                             
   TIME=    1.0000      LOAD CASE=   0                                         
 
    NODE       TEMP  
     430   835.10     
     431   835.10     
     432   835.10     
     433   835.10     
     434   835.10     
     435   835.10     
     436   835.10     
     437   835.10     
     438   835.10     
     439   835.10     
     440   835.10     
     441   835.10     
     442   835.10     
     443   835.10     
     444   835.10     
     445   835.10     
     446   835.10     
     447   835.10     
     448   825.50     
     449   825.50     
     450   825.50     
     451   825.50     
     452   825.50     
     453   825.50     
     454   825.50     
     455   825.50     
     456   825.50     
     457   825.50     
     458   825.50     
     459   825.50     
     460   825.50     
     461   825.50     
     462   825.50     
     463   825.50     
     464   825.50     
     465   825.50     
     466   825.50     
     467   825.50     
     468   825.50     
 
  ***** POST1 NODAL DEGREE OF FREEDOM LISTING *****                            
 
  LOAD STEP=     1  SUBSTEP=     1                                             
   TIME=    1.0000      LOAD CASE=   0                                         
 
    NODE       TEMP  
     469   825.50     
     470   825.50     
     471   825.50     
     472   825.50     
     473   825.50     
     474   825.50     
     475   825.50     
     476   825.50     
     477   825.50     
     478   825.50     
     479   825.50     
     480   825.50     
     481   825.50     
     482   825.50     
     483   825.50     
     484   825.50     
     485   825.50     
     486   825.50     
     487   825.50     
     488   825.50     
     489   825.50     
     490   825.50     
     491   825.50     
     492   825.50     
     493   825.50     
     494   825.50     
     495   825.50     
     496   825.50     
     497   825.50     
     498   825.50     
     499   825.50     
     500   825.50     
     501   825.50     
     502   825.50     
     503   825.50     
     504   825.50     
     505   825.50     
     506   825.50     
     507   844.10     
 
  ***** POST1 NODAL DEGREE OF FREEDOM LISTING *****                            
 
  LOAD STEP=     1  SUBSTEP=     1                                             
   TIME=    1.0000      LOAD CASE=   0                                         
 
    NODE       TEMP  
     508   844.10     
     509   844.10     
     510   844.10     
     511   844.10     
     512   844.10     
     513   844.10     
     514   844.10     
     515   844.10     
     516   844.10     
     517   844.10     
     518   844.10     
     519   844.10     
     520   844.10     
     521   844.10     
     522   844.10     
     523   844.10     
     524   844.10     
     525   844.10     
     526   844.10     
     527   844.10     
     528   844.10     
     529   844.10     
     530   844.10     
     531   844.10     
     532   844.10     
     533   844.10     
     534   844.10     
     535   844.10     
     536   844.10     
     537   844.10     
     538   844.10     
     539   844.10     
     540   844.10     
     541   844.10     
     542   844.10     
     543   844.10     
     544   844.10     
     545   844.10     
     546   844.10     
 
  ***** POST1 NODAL DEGREE OF FREEDOM LISTING *****                            
 
  LOAD STEP=     1  SUBSTEP=     1                                             
   TIME=    1.0000      LOAD CASE=   0                                         
 
    NODE       TEMP  
     547   844.10     
     548   844.10     
     549   844.10     
     550   844.10     
     551   844.10     
     552   844.10     
     553   844.10     
     554   844.10     
     555   844.10     
     556   844.10     
     557   844.10     
     558   844.10     
     559   844.10     
     560   844.10     
     561   844.10     
     562   844.10     
     563   844.10     
     564   844.10     
     565   844.10     
     566   844.10     
     567   844.10     
     568   844.10     
     569   844.10     
     570   844.10     
     571   844.10     
     572   844.10     
     573   844.10     
     574   844.10     
     575   844.10     
     576   844.10     
     577   854.55     
     578   841.69     
     579   848.68     
     580   850.92     
     581   885.06     
     582   887.92     
     583   894.64     
     584   887.44     
     585   841.49     
 
  ***** POST1 NODAL DEGREE OF FREEDOM LISTING *****                            
 
  LOAD STEP=     1  SUBSTEP=     1                                             
   TIME=    1.0000      LOAD CASE=   0                                         
 
    NODE       TEMP  
     586   850.87     
     587   874.47     
     588   878.16     
     589   917.60     
     590   911.38     
     591   911.73     
     592   910.77     
     593   907.26     
     594   907.56     
     595   914.18     
     596   908.11     
     597   907.92     
     598   908.65     
     599   911.27     
     600   892.91     
     601   909.77     
     602   919.28     
     603   917.06     
     604   918.01     
     605   919.27     
     606   920.22     
     607   921.64     
     608   922.10     
     609   921.81     
     610   920.56     
     611   917.50     
     612   910.93     
     613   917.58     
     614   865.30     
     615   864.41     
     616   863.58     
     617   858.62     
     618   858.74     
     619   864.17     
     620   864.91     
     621   863.66     
     622   863.17     
     623   861.46     
     624   880.49     
 
  ***** POST1 NODAL DEGREE OF FREEDOM LISTING *****                            
 
  LOAD STEP=     1  SUBSTEP=     1                                             
   TIME=    1.0000      LOAD CASE=   0                                         
 
    NODE       TEMP  
     625   881.71     
     626   881.87     
     627   881.88     
     628   881.88     
     629   881.89     
     630   881.89     
     631   881.90     
     632   881.16     
     633   879.28     
     634   869.38     
     635   879.15     
     636   881.06     
     637   879.11     
     638   803.02     
     639   819.16     
     640   833.40     
     641   852.97     
     642   851.20     
     643   851.32     
     644   851.33     
     645   851.32     
     646   851.32     
     647   851.34     
     648   851.28     
     649   851.29     
     650   851.04     
     651   851.39     
     652   852.40     
     653   851.36     
     654   832.93     
     655   838.45     
     656   860.31     
     657   879.95     
     658   841.22     
     659   848.19     
     660   860.21     
     661   885.53     
     662   888.21     
     663   894.91     
 
  ***** POST1 NODAL DEGREE OF FREEDOM LISTING *****                            
 
  LOAD STEP=     1  SUBSTEP=     1                                             
   TIME=    1.0000      LOAD CASE=   0                                         
 
    NODE       TEMP  
     664   888.20     
     665   887.13     
     666   887.01     
     667   887.61     
     668   888.40     
     669   831.35     
     670   836.43     
     671   846.04     
     672   847.67     
     673   855.51     
     674   855.95     
     675   856.00     
     676   856.07     
     677   855.81     
     678   855.05     
     679   854.85     
     680   850.42     
     681   864.86     
     682   876.93     
     683   885.63     
     684   894.29     
     685   892.68     
     686   892.59     
     687   893.21     
     688   880.38     
     689   880.57     
     690   893.29     
     691   893.47     
     692   843.19     
     693   847.52     
     694   852.78     
     695   860.19     
     696   860.25     
     697   860.39     
     698   860.37     
     699   860.06     
     700   860.31     
     701   860.02     
     702   853.65     
 
  ***** POST1 NODAL DEGREE OF FREEDOM LISTING *****                            
 
  LOAD STEP=     1  SUBSTEP=     1                                             
   TIME=    1.0000      LOAD CASE=   0                                         
 
    NODE       TEMP  
     703   854.69     
     704   874.42     
     705   878.65     
     706   876.13     
     707   875.26     
     708   878.59     
     709   870.23     
     710   875.33     
     711   873.62     
     712   858.57     
     713   861.91     
     714   866.98     
     715   871.82     
     716   871.45     
     717   852.25     
     718   851.35     
     719   856.84     
     720   881.55     
     721   888.05     
     722   887.40     
     723   885.13     
     724   875.77     
     725   836.74     
     726   837.33     
     727   837.95     
     728   838.85     
     729   845.12     
     730   784.53     
     731   793.30     
     732   909.33     
     733   911.40     
     734   905.75     
     735   888.78     
     736   847.53     
     737   869.75     
     738   854.57     
     739   855.38     
     740   882.28     
     741   894.82     
 
  ***** POST1 NODAL DEGREE OF FREEDOM LISTING *****                            
 
  LOAD STEP=     1  SUBSTEP=     1                                             
   TIME=    1.0000      LOAD CASE=   0                                         
 
    NODE       TEMP  
     742   902.07     
     743   904.05     
     744   895.90     
     745   898.92     
     746   899.45     
     747   896.86     
     748   882.24     
     749   901.40     
     750   916.01     
     751   914.31     
     752   914.05     
     753   914.91     
     754   913.93     
     755   910.87     
     756   903.04     
     757   907.23     
     758   899.33     
     759   908.83     
     760   918.54     
     761   914.31     
     762   910.09     
     763   908.47     
     764   911.27     
     765   911.65     
     766   910.38     
     767   911.61     
     768   914.50     
     769   879.39     
     770   908.82     
     771   911.77     
     772   859.67     
     773   865.57     
     774   862.62     
     775   861.72     
     776   863.02     
     777   863.05     
     778   867.88     
     779   866.65     
     780   865.05     
 
  ***** POST1 NODAL DEGREE OF FREEDOM LISTING *****                            
 
  LOAD STEP=     1  SUBSTEP=     1                                             
   TIME=    1.0000      LOAD CASE=   0                                         
 
    NODE       TEMP  
     781   865.04     
     782   866.01     
     783   866.93     
     784   867.25     
     785   884.96     
     786   891.54     
     787   888.88     
     788   877.63     
     789   849.42     
     790   818.70     
     791   821.17     
     792   829.00     
     793   828.99     
     794   827.59     
     795   841.13     
     796   847.88     
     797   853.24     
     798   853.38     
     799   853.75     
     800   838.39     
     801   838.87     
     802   838.52     
     803   858.42     
     804   861.45     
     805   861.88     
     806   860.25     
     807   854.47     
     808   849.77     
     809   844.17     
     810   831.65     
     811   814.46     
     812   802.82     
     813   841.54     
     814   835.57     
     815   835.56     
     816   833.19     
     817   830.46     
     818   830.54     
     819   830.49     
 
  ***** POST1 NODAL DEGREE OF FREEDOM LISTING *****                            
 
  LOAD STEP=     1  SUBSTEP=     1                                             
   TIME=    1.0000      LOAD CASE=   0                                         
 
    NODE       TEMP  
     820   830.94     
     821   830.39     
     822   830.32     
     823   830.50     
     824   830.34     
     825   830.92     
     826   830.92     
     827   846.35     
     828   843.36     
     829   843.25     
     830   842.78     
     831   842.66     
     832   842.62     
     833   842.61     
     834   842.61     
     835   842.61     
     836   842.61     
     837   845.94     
     838   843.69     
     839   842.85     
     840   842.67     
     841   842.62     
     842   842.60     
     843   842.60     
     844   842.60     
     845   842.60     
     846   851.27     
     847   846.93     
     848   842.08     
     849   838.68     
     850   839.21     
     851   839.71     
     852   840.68     
     853   842.59     
     854   844.80     
     855   846.83     
     856   849.14     
     857   851.76     
     858   854.03     
 
  ***** POST1 NODAL DEGREE OF FREEDOM LISTING *****                            
 
  LOAD STEP=     1  SUBSTEP=     1                                             
   TIME=    1.0000      LOAD CASE=   0                                         
 
    NODE       TEMP  
     859   856.79     
     860   860.06     
     861   864.08     
     862   868.16     
     863   798.95     
     864   796.94     
     865   791.10     
     866   798.58     
     867   809.98     
     868   806.27     
     869   822.44     
     870   803.23     
     871   785.22     
     872   784.36     
     873   797.04     
     874   843.71     
     875   840.78     
     876   838.89     
     877   837.94     
     878   839.53     
     879   839.55     
     880   839.56     
     881   839.57     
     882   839.58     
     883   839.57     
     884   839.57     
     885   839.60     
     886   839.60     
     887   839.63     
     888   839.58     
     889   839.57     
     890   839.57     
     891   839.61     
     892   839.79     
     893   840.40     
     894   872.19     
     895   865.38     
     896   861.37     
     897   857.39     
 
  ***** POST1 NODAL DEGREE OF FREEDOM LISTING *****                            
 
  LOAD STEP=     1  SUBSTEP=     1                                             
   TIME=    1.0000      LOAD CASE=   0                                         
 
    NODE       TEMP  
     898   851.96     
     899   847.11     
     900   843.48     
     901   838.98     
     902   846.62     
     903   845.54     
     904   853.05     
     905   878.98     
     906   874.66     
     907   860.80     
     908   852.46     
     909   846.94     
     910   843.79     
     911   841.09     
     912   778.54     
     913   781.37     
     914   784.15     
     915   812.85     
     916   808.78     
     917   878.19     
     918   851.68     
     919   849.05     
     920   841.96     
     921   868.10     
     922   889.54     
     923   890.26     
     924   896.87     
     925   892.83     
     926   902.44     
     927   899.33     
     928   905.32     
     929   907.54     
     930   907.19     
     931   906.38     
     932   902.58     
     933   893.94     
     934   854.91     
     935   825.40     
     936   860.60     
 
  ***** POST1 NODAL DEGREE OF FREEDOM LISTING *****                            
 
  LOAD STEP=     1  SUBSTEP=     1                                             
   TIME=    1.0000      LOAD CASE=   0                                         
 
    NODE       TEMP  
     937   871.66     
     938   846.06     
     939   855.62     
     940   858.64     
     941   856.35     
     942   866.05     
     943   862.87     
     944   864.41     
     945   873.44     
     946   876.89     
     947   890.03     
     948   889.96     
     949   889.10     
     950   895.74     
     951   885.67     
     952   886.44     
     953   895.12     
     954   886.52     
     955   849.68     
     956   826.39     
     957   834.16     
     958   849.30     
     959   855.84     
     960   849.49     
     961   854.50     
     962   859.94     
     963   865.42     
     964   869.91     
     965   875.80     
     966   882.29     
     967   812.81     
     968   847.71     
     969   874.01     
     970   863.82     
     971   854.68     
     972   851.12     
     973   869.16     
     974   851.57     
     975   863.95     
 
  ***** POST1 NODAL DEGREE OF FREEDOM LISTING *****                            
 
  LOAD STEP=     1  SUBSTEP=     1                                             
   TIME=    1.0000      LOAD CASE=   0                                         
 
    NODE       TEMP  
     976   846.31     
     977   854.59     
     978   883.33     
     979   887.50     
     980   894.71     
     981   892.84     
     982   891.39     
     983   892.39     
     984   868.43     
     985   864.67     
     986   876.22     
     987   881.12     
     988   878.62     

 MAXIMUM ABSOLUTE VALUES
 NODE         12
 VALUE    936.00     

